{"@timestamp":"2019-04-14T01:16:34.528+02:00","@version":"1","message":"invoked addUser with id=0","logger_name":"com.baeldung.crud.controllers.UserController","thread_name":"main","level":"INFO","level_value":20000,"requestId":"386fb39b-d503-4ffe-b149-57e7eb2be659"}
{"@timestamp":"2019-04-14T01:16:34.647+02:00","@version":"1","message":"invoked updateUser","logger_name":"com.baeldung.crud.controllers.UserController","thread_name":"main","level":"INFO","level_value":20000,"requestId":"386fb39b-d503-4ffe-b149-57e7eb2be659"}
{"@timestamp":"2019-04-14T01:16:34.649+02:00","@version":"1","message":"edited info from user id 1","logger_name":"com.baeldung.crud.controllers.UserController","thread_name":"main","level":"INFO","level_value":20000,"requestId":"386fb39b-d503-4ffe-b149-57e7eb2be659"}
{"@timestamp":"2019-04-14T01:16:34.651+02:00","@version":"1","message":"invoked updateUser","logger_name":"com.baeldung.crud.controllers.UserController","thread_name":"main","level":"INFO","level_value":20000,"requestId":"386fb39b-d503-4ffe-b149-57e7eb2be659"}
{"@timestamp":"2019-04-14T01:16:34.653+02:00","@version":"1","message":"invoked deleteUser","logger_name":"com.baeldung.crud.controllers.UserController","thread_name":"main","level":"INFO","level_value":20000,"requestId":"386fb39b-d503-4ffe-b149-57e7eb2be659"}
{"@timestamp":"2019-04-14T01:16:34.664+02:00","@version":"1","message":"invoked addUser with id=0","logger_name":"com.baeldung.crud.controllers.UserController","thread_name":"main","level":"INFO","level_value":20000,"requestId":"8a0c4fca-c369-4973-b372-73946cbc4fa0"}
{"@timestamp":"2019-04-14T01:16:34.667+02:00","@version":"1","message":"invoked showSignUpForm","logger_name":"com.baeldung.crud.controllers.UserController","thread_name":"main","level":"INFO","level_value":20000}
{"@timestamp":"2019-04-14T01:16:34.669+02:00","@version":"1","message":"invoked showUpdateForm","logger_name":"com.baeldung.crud.controllers.UserController","thread_name":"main","level":"INFO","level_value":20000}
{"@timestamp":"2019-04-14T01:16:38.906+02:00","@version":"1","message":"Starting Application on 192.168.1.131 with PID 12560 (/home/alberto/meetup/Step4/spring-boot-crud-4/target/classes started by alberto in /home/alberto/meetup/Step4/spring-boot-crud-4)","logger_name":"com.baeldung.crud.Application","thread_name":"main","level":"INFO","level_value":20000}
{"@timestamp":"2019-04-14T01:16:38.938+02:00","@version":"1","message":"No active profile set, falling back to default profiles: default","logger_name":"com.baeldung.crud.Application","thread_name":"main","level":"INFO","level_value":20000}
{"@timestamp":"2019-04-14T01:16:40.168+02:00","@version":"1","message":"Bootstrapping Spring Data repositories in DEFAULT mode.","logger_name":"org.springframework.data.repository.config.RepositoryConfigurationDelegate","thread_name":"main","level":"INFO","level_value":20000}
{"@timestamp":"2019-04-14T01:16:40.315+02:00","@version":"1","message":"Finished Spring Data repository scanning in 115ms. Found 1 repository interfaces.","logger_name":"org.springframework.data.repository.config.RepositoryConfigurationDelegate","thread_name":"main","level":"INFO","level_value":20000}
{"@timestamp":"2019-04-14T01:16:41.584+02:00","@version":"1","message":"Bean 'org.springframework.transaction.annotation.ProxyTransactionManagementConfiguration' of type [org.springframework.transaction.annotation.ProxyTransactionManagementConfiguration$$EnhancerBySpringCGLIB$$325a6177] is not eligible for getting processed by all BeanPostProcessors (for example: not eligible for auto-proxying)","logger_name":"org.springframework.context.support.PostProcessorRegistrationDelegate$BeanPostProcessorChecker","thread_name":"main","level":"INFO","level_value":20000}
{"@timestamp":"2019-04-14T01:16:42.922+02:00","@version":"1","message":"Tomcat initialized with port(s): 8080 (http)","logger_name":"org.springframework.boot.web.embedded.tomcat.TomcatWebServer","thread_name":"main","level":"INFO","level_value":20000}
{"@timestamp":"2019-04-14T01:16:42.972+02:00","@version":"1","message":"Initializing ProtocolHandler [\"http-nio-8080\"]","logger_name":"org.apache.coyote.http11.Http11NioProtocol","thread_name":"main","level":"INFO","level_value":20000}
{"@timestamp":"2019-04-14T01:16:43.021+02:00","@version":"1","message":"Starting service [Tomcat]","logger_name":"org.apache.catalina.core.StandardService","thread_name":"main","level":"INFO","level_value":20000}
{"@timestamp":"2019-04-14T01:16:43.022+02:00","@version":"1","message":"Starting Servlet engine: [Apache Tomcat/9.0.16]","logger_name":"org.apache.catalina.core.StandardEngine","thread_name":"main","level":"INFO","level_value":20000}
{"@timestamp":"2019-04-14T01:16:43.055+02:00","@version":"1","message":"The APR based Apache Tomcat Native library which allows optimal performance in production environments was not found on the java.library.path: [/usr/java/packages/lib/amd64:/usr/lib64:/lib64:/lib:/usr/lib]","logger_name":"org.apache.catalina.core.AprLifecycleListener","thread_name":"main","level":"INFO","level_value":20000}
{"@timestamp":"2019-04-14T01:16:43.884+02:00","@version":"1","message":"Initializing Spring embedded WebApplicationContext","logger_name":"org.apache.catalina.core.ContainerBase.[Tomcat].[localhost].[/]","thread_name":"main","level":"INFO","level_value":20000}
{"@timestamp":"2019-04-14T01:16:43.884+02:00","@version":"1","message":"Root WebApplicationContext: initialization completed in 4849 ms","logger_name":"org.springframework.web.context.ContextLoader","thread_name":"main","level":"INFO","level_value":20000}
{"@timestamp":"2019-04-14T01:16:44.389+02:00","@version":"1","message":"HikariPool-1 - Starting...","logger_name":"com.zaxxer.hikari.HikariDataSource","thread_name":"main","level":"INFO","level_value":20000}
{"@timestamp":"2019-04-14T01:16:44.812+02:00","@version":"1","message":"HikariPool-1 - Start completed.","logger_name":"com.zaxxer.hikari.HikariDataSource","thread_name":"main","level":"INFO","level_value":20000}
{"@timestamp":"2019-04-14T01:16:45.066+02:00","@version":"1","message":"HHH000204: Processing PersistenceUnitInfo [\n\tname: default\n\t...]","logger_name":"org.hibernate.jpa.internal.util.LogHelper","thread_name":"main","level":"INFO","level_value":20000}
{"@timestamp":"2019-04-14T01:16:45.283+02:00","@version":"1","message":"HHH000412: Hibernate Core {5.3.7.Final}","logger_name":"org.hibernate.Version","thread_name":"main","level":"INFO","level_value":20000}
{"@timestamp":"2019-04-14T01:16:45.285+02:00","@version":"1","message":"HHH000206: hibernate.properties not found","logger_name":"org.hibernate.cfg.Environment","thread_name":"main","level":"INFO","level_value":20000}
{"@timestamp":"2019-04-14T01:16:45.736+02:00","@version":"1","message":"HCANN000001: Hibernate Commons Annotations {5.0.4.Final}","logger_name":"org.hibernate.annotations.common.Version","thread_name":"main","level":"INFO","level_value":20000}
{"@timestamp":"2019-04-14T01:16:46.122+02:00","@version":"1","message":"HHH000400: Using dialect: org.hibernate.dialect.H2Dialect","logger_name":"org.hibernate.dialect.Dialect","thread_name":"main","level":"INFO","level_value":20000}
{"@timestamp":"2019-04-14T01:16:47.841+02:00","@version":"1","message":"HHH000476: Executing import script 'org.hibernate.tool.schema.internal.exec.ScriptSourceInputNonExistentImpl@447b30a2'","logger_name":"org.hibernate.tool.schema.internal.SchemaCreatorImpl","thread_name":"main","level":"INFO","level_value":20000}
{"@timestamp":"2019-04-14T01:16:47.845+02:00","@version":"1","message":"Initialized JPA EntityManagerFactory for persistence unit 'default'","logger_name":"org.springframework.orm.jpa.LocalContainerEntityManagerFactoryBean","thread_name":"main","level":"INFO","level_value":20000}
{"@timestamp":"2019-04-14T01:16:49.856+02:00","@version":"1","message":"Initializing ExecutorService 'applicationTaskExecutor'","logger_name":"org.springframework.scheduling.concurrent.ThreadPoolTaskExecutor","thread_name":"main","level":"INFO","level_value":20000}
{"@timestamp":"2019-04-14T01:16:49.993+02:00","@version":"1","message":"spring.jpa.open-in-view is enabled by default. Therefore, database queries may be performed during view rendering. Explicitly configure spring.jpa.open-in-view to disable this warning","logger_name":"org.springframework.boot.autoconfigure.orm.jpa.JpaBaseConfiguration$JpaWebConfiguration$JpaWebMvcConfiguration","thread_name":"main","level":"WARN","level_value":30000}
{"@timestamp":"2019-04-14T01:16:50.373+02:00","@version":"1","message":"Adding welcome page template: index","logger_name":"org.springframework.boot.autoconfigure.web.servlet.WelcomePageHandlerMapping","thread_name":"main","level":"INFO","level_value":20000}
{"@timestamp":"2019-04-14T01:16:50.859+02:00","@version":"1","message":"Starting ProtocolHandler [\"http-nio-8080\"]","logger_name":"org.apache.coyote.http11.Http11NioProtocol","thread_name":"main","level":"INFO","level_value":20000}
{"@timestamp":"2019-04-14T01:16:51.060+02:00","@version":"1","message":"Tomcat started on port(s): 8080 (http) with context path ''","logger_name":"org.springframework.boot.web.embedded.tomcat.TomcatWebServer","thread_name":"main","level":"INFO","level_value":20000}
{"@timestamp":"2019-04-14T01:16:51.063+02:00","@version":"1","message":"Started Application in 13.112 seconds (JVM running for 27.574)","logger_name":"com.baeldung.crud.Application","thread_name":"main","level":"INFO","level_value":20000}
{"@timestamp":"2019-04-14T01:16:51.995+02:00","@version":"1","message":"Initializing Spring DispatcherServlet 'dispatcherServlet'","logger_name":"org.apache.catalina.core.ContainerBase.[Tomcat].[localhost].[/]","thread_name":"http-nio-8080-exec-1","level":"INFO","level_value":20000}
{"@timestamp":"2019-04-14T01:16:51.996+02:00","@version":"1","message":"Initializing Servlet 'dispatcherServlet'","logger_name":"org.springframework.web.servlet.DispatcherServlet","thread_name":"http-nio-8080-exec-1","level":"INFO","level_value":20000}
{"@timestamp":"2019-04-14T01:16:52.116+02:00","@version":"1","message":"Completed initialization in 120 ms","logger_name":"org.springframework.web.servlet.DispatcherServlet","thread_name":"http-nio-8080-exec-1","level":"INFO","level_value":20000}
{"@timestamp":"2019-04-14T01:16:53.154+02:00","@version":"1","message":"invoked addUser with id=0","logger_name":"com.baeldung.crud.controllers.UserController","thread_name":"http-nio-8080-exec-2","level":"INFO","level_value":20000,"requestId":"7f8b1fe6-6a40-4749-8f52-cdc8384e615c"}
{"@timestamp":"2019-04-14T01:16:53.421+02:00","@version":"1","message":"HHH000397: Using ASTQueryTranslatorFactory","logger_name":"org.hibernate.hql.internal.QueryTranslatorFactoryInitiator","thread_name":"http-nio-8080-exec-2","level":"INFO","level_value":20000,"requestId":"7f8b1fe6-6a40-4749-8f52-cdc8384e615c"}
{"@timestamp":"2019-04-14T01:16:54.037+02:00","@version":"1","message":"invoked addUser with id=0","logger_name":"com.baeldung.crud.controllers.UserController","thread_name":"http-nio-8080-exec-3","level":"INFO","level_value":20000,"requestId":"3ab6928b-718c-4c46-97ab-9d02dcb77019"}
{"@timestamp":"2019-04-14T01:16:54.176+02:00","@version":"1","message":"invoked addUser with id=0","logger_name":"com.baeldung.crud.controllers.UserController","thread_name":"http-nio-8080-exec-4","level":"INFO","level_value":20000,"requestId":"cbe1fdd2-fc83-4969-a702-73cf0fc701c4"}
{"@timestamp":"2019-04-14T01:16:54.259+02:00","@version":"1","message":"invoked updateUser","logger_name":"com.baeldung.crud.controllers.UserController","thread_name":"http-nio-8080-exec-6","level":"INFO","level_value":20000,"requestId":"1280036a-bb88-4328-967c-42b001b9e3f3"}
{"@timestamp":"2019-04-14T01:16:54.284+02:00","@version":"1","message":"edited info from user id 1","logger_name":"com.baeldung.crud.controllers.UserController","thread_name":"http-nio-8080-exec-6","level":"INFO","level_value":20000,"requestId":"1280036a-bb88-4328-967c-42b001b9e3f3"}
{"@timestamp":"2019-04-14T01:16:54.373+02:00","@version":"1","message":"invoked deleteUser","logger_name":"com.baeldung.crud.controllers.UserController","thread_name":"http-nio-8080-exec-7","level":"INFO","level_value":20000,"requestId":"f62728fd-200f-44b4-afa9-e42a2b01af5b"}
{"@timestamp":"2019-04-14T01:16:54.422+02:00","@version":"1","message":"deleted user 2","logger_name":"com.baeldung.crud.controllers.UserController","thread_name":"http-nio-8080-exec-7","level":"INFO","level_value":20000,"requestId":"f62728fd-200f-44b4-afa9-e42a2b01af5b"}
{"@timestamp":"2019-04-14T01:16:54.490+02:00","@version":"1","message":"invoked deleteUser","logger_name":"com.baeldung.crud.controllers.UserController","thread_name":"http-nio-8080-exec-9","level":"INFO","level_value":20000,"requestId":"a440af60-08a7-4c80-b3cb-61f414be69b3"}
{"@timestamp":"2019-04-14T01:16:54.493+02:00","@version":"1","message":"deleted user 3","logger_name":"com.baeldung.crud.controllers.UserController","thread_name":"http-nio-8080-exec-9","level":"INFO","level_value":20000,"requestId":"a440af60-08a7-4c80-b3cb-61f414be69b3"}
{"@timestamp":"2019-04-14T01:16:54.557+02:00","@version":"1","message":"Shutting down ExecutorService 'applicationTaskExecutor'","logger_name":"org.springframework.scheduling.concurrent.ThreadPoolTaskExecutor","thread_name":"Thread-6","level":"INFO","level_value":20000}
{"@timestamp":"2019-04-14T01:16:54.559+02:00","@version":"1","message":"Closing JPA EntityManagerFactory for persistence unit 'default'","logger_name":"org.springframework.orm.jpa.LocalContainerEntityManagerFactoryBean","thread_name":"Thread-6","level":"INFO","level_value":20000}
{"@timestamp":"2019-04-14T01:16:54.559+02:00","@version":"1","message":"HHH000477: Starting delayed evictData of schema as part of SessionFactory shut-down'","logger_name":"org.hibernate.tool.schema.internal.SchemaDropperImpl$DelayedDropActionImpl","thread_name":"Thread-6","level":"INFO","level_value":20000}
{"@timestamp":"2019-04-14T01:16:54.569+02:00","@version":"1","message":"HikariPool-1 - Shutdown initiated...","logger_name":"com.zaxxer.hikari.HikariDataSource","thread_name":"Thread-6","level":"INFO","level_value":20000}
{"@timestamp":"2019-04-14T01:16:54.614+02:00","@version":"1","message":"HikariPool-1 - Shutdown completed.","logger_name":"com.zaxxer.hikari.HikariDataSource","thread_name":"Thread-6","level":"INFO","level_value":20000}
{"@timestamp":"2019-04-14T23:28:13.433+02:00","@version":"1","message":"invoking action=addUser userId=0","logger_name":"com.baeldung.crud.controllers.UserController","thread_name":"main","level":"INFO","level_value":20000,"action":"addUser","userId":0}
{"@timestamp":"2019-04-14T23:28:13.741+02:00","@version":"1","message":"invoked action=updateUser userId=0","logger_name":"com.baeldung.crud.controllers.UserController","thread_name":"main","level":"INFO","level_value":20000,"action":"updateUser","userId":0}
{"@timestamp":"2019-04-14T23:28:13.743+02:00","@version":"1","message":"edited info userId=0","logger_name":"com.baeldung.crud.controllers.UserController","thread_name":"main","level":"WARN","level_value":30000,"userId":0}
{"@timestamp":"2019-04-14T23:28:13.752+02:00","@version":"1","message":"invoked action=updateUser userId=0","logger_name":"com.baeldung.crud.controllers.UserController","thread_name":"main","level":"INFO","level_value":20000,"action":"updateUser","userId":0}
{"@timestamp":"2019-04-14T23:28:13.755+02:00","@version":"1","message":"invoked action=deleteUser userId=1","logger_name":"com.baeldung.crud.controllers.UserController","thread_name":"main","level":"INFO","level_value":20000,"action":"deleteUser","userId":1}
{"@timestamp":"2019-04-14T23:28:13.775+02:00","@version":"1","message":"invoking action=addUser userId=0","logger_name":"com.baeldung.crud.controllers.UserController","thread_name":"main","level":"INFO","level_value":20000,"action":"addUser","userId":0}
{"@timestamp":"2019-04-14T23:28:13.782+02:00","@version":"1","message":"invoked action=showSignUpForm userId=0","logger_name":"com.baeldung.crud.controllers.UserController","thread_name":"main","level":"INFO","level_value":20000,"action":"showSignUpForm","userId":0}
{"@timestamp":"2019-04-14T23:28:13.785+02:00","@version":"1","message":"invoked action=showUpdateForm userId=0","logger_name":"com.baeldung.crud.controllers.UserController","thread_name":"main","level":"INFO","level_value":20000,"action":"showUpdateForm","userId":0}
{"@timestamp":"2019-04-14T23:28:18.314+02:00","@version":"1","message":"Starting Application on 192.168.1.131 with PID 23204 (/home/alberto/meetup/Step5/spring-boot-crud-5/target/classes started by alberto in /home/alberto/meetup/Step5/spring-boot-crud-5)","logger_name":"com.baeldung.crud.Application","thread_name":"main","level":"INFO","level_value":20000}
{"@timestamp":"2019-04-14T23:28:18.333+02:00","@version":"1","message":"No active profile set, falling back to default profiles: default","logger_name":"com.baeldung.crud.Application","thread_name":"main","level":"INFO","level_value":20000}
{"@timestamp":"2019-04-14T23:28:19.834+02:00","@version":"1","message":"Bootstrapping Spring Data repositories in DEFAULT mode.","logger_name":"org.springframework.data.repository.config.RepositoryConfigurationDelegate","thread_name":"main","level":"INFO","level_value":20000}
{"@timestamp":"2019-04-14T23:28:19.986+02:00","@version":"1","message":"Finished Spring Data repository scanning in 135ms. Found 1 repository interfaces.","logger_name":"org.springframework.data.repository.config.RepositoryConfigurationDelegate","thread_name":"main","level":"INFO","level_value":20000}
{"@timestamp":"2019-04-14T23:28:21.801+02:00","@version":"1","message":"Bean 'org.springframework.transaction.annotation.ProxyTransactionManagementConfiguration' of type [org.springframework.transaction.annotation.ProxyTransactionManagementConfiguration$$EnhancerBySpringCGLIB$$837c1d2f] is not eligible for getting processed by all BeanPostProcessors (for example: not eligible for auto-proxying)","logger_name":"org.springframework.context.support.PostProcessorRegistrationDelegate$BeanPostProcessorChecker","thread_name":"main","level":"INFO","level_value":20000}
{"@timestamp":"2019-04-14T23:28:23.211+02:00","@version":"1","message":"Tomcat initialized with port(s): 8080 (http)","logger_name":"org.springframework.boot.web.embedded.tomcat.TomcatWebServer","thread_name":"main","level":"INFO","level_value":20000}
{"@timestamp":"2019-04-14T23:28:23.292+02:00","@version":"1","message":"Initializing ProtocolHandler [\"http-nio-8080\"]","logger_name":"org.apache.coyote.http11.Http11NioProtocol","thread_name":"main","level":"INFO","level_value":20000}
{"@timestamp":"2019-04-14T23:28:23.378+02:00","@version":"1","message":"Starting service [Tomcat]","logger_name":"org.apache.catalina.core.StandardService","thread_name":"main","level":"INFO","level_value":20000}
{"@timestamp":"2019-04-14T23:28:23.380+02:00","@version":"1","message":"Starting Servlet engine: [Apache Tomcat/9.0.16]","logger_name":"org.apache.catalina.core.StandardEngine","thread_name":"main","level":"INFO","level_value":20000}
{"@timestamp":"2019-04-14T23:28:23.425+02:00","@version":"1","message":"The APR based Apache Tomcat Native library which allows optimal performance in production environments was not found on the java.library.path: [/usr/java/packages/lib/amd64:/usr/lib64:/lib64:/lib:/usr/lib]","logger_name":"org.apache.catalina.core.AprLifecycleListener","thread_name":"main","level":"INFO","level_value":20000}
{"@timestamp":"2019-04-14T23:28:24.244+02:00","@version":"1","message":"Initializing Spring embedded WebApplicationContext","logger_name":"org.apache.catalina.core.ContainerBase.[Tomcat].[localhost].[/]","thread_name":"main","level":"INFO","level_value":20000}
{"@timestamp":"2019-04-14T23:28:24.246+02:00","@version":"1","message":"Root WebApplicationContext: initialization completed in 5692 ms","logger_name":"org.springframework.web.context.ContextLoader","thread_name":"main","level":"INFO","level_value":20000}
{"@timestamp":"2019-04-14T23:28:24.838+02:00","@version":"1","message":"HikariPool-1 - Starting...","logger_name":"com.zaxxer.hikari.HikariDataSource","thread_name":"main","level":"INFO","level_value":20000}
{"@timestamp":"2019-04-14T23:28:25.281+02:00","@version":"1","message":"HikariPool-1 - Start completed.","logger_name":"com.zaxxer.hikari.HikariDataSource","thread_name":"main","level":"INFO","level_value":20000}
{"@timestamp":"2019-04-14T23:28:25.496+02:00","@version":"1","message":"HHH000204: Processing PersistenceUnitInfo [\n\tname: default\n\t...]","logger_name":"org.hibernate.jpa.internal.util.LogHelper","thread_name":"main","level":"INFO","level_value":20000}
{"@timestamp":"2019-04-14T23:28:25.724+02:00","@version":"1","message":"HHH000412: Hibernate Core {5.3.7.Final}","logger_name":"org.hibernate.Version","thread_name":"main","level":"INFO","level_value":20000}
{"@timestamp":"2019-04-14T23:28:25.729+02:00","@version":"1","message":"HHH000206: hibernate.properties not found","logger_name":"org.hibernate.cfg.Environment","thread_name":"main","level":"INFO","level_value":20000}
{"@timestamp":"2019-04-14T23:28:26.118+02:00","@version":"1","message":"HCANN000001: Hibernate Commons Annotations {5.0.4.Final}","logger_name":"org.hibernate.annotations.common.Version","thread_name":"main","level":"INFO","level_value":20000}
{"@timestamp":"2019-04-14T23:28:26.595+02:00","@version":"1","message":"HHH000400: Using dialect: org.hibernate.dialect.H2Dialect","logger_name":"org.hibernate.dialect.Dialect","thread_name":"main","level":"INFO","level_value":20000}
{"@timestamp":"2019-04-14T23:28:28.254+02:00","@version":"1","message":"HHH000476: Executing import script 'org.hibernate.tool.schema.internal.exec.ScriptSourceInputNonExistentImpl@6481eef1'","logger_name":"org.hibernate.tool.schema.internal.SchemaCreatorImpl","thread_name":"main","level":"INFO","level_value":20000}
{"@timestamp":"2019-04-14T23:28:28.263+02:00","@version":"1","message":"Initialized JPA EntityManagerFactory for persistence unit 'default'","logger_name":"org.springframework.orm.jpa.LocalContainerEntityManagerFactoryBean","thread_name":"main","level":"INFO","level_value":20000}
{"@timestamp":"2019-04-14T23:28:30.619+02:00","@version":"1","message":"Initializing ExecutorService 'applicationTaskExecutor'","logger_name":"org.springframework.scheduling.concurrent.ThreadPoolTaskExecutor","thread_name":"main","level":"INFO","level_value":20000}
{"@timestamp":"2019-04-14T23:28:30.833+02:00","@version":"1","message":"spring.jpa.open-in-view is enabled by default. Therefore, database queries may be performed during view rendering. Explicitly configure spring.jpa.open-in-view to disable this warning","logger_name":"org.springframework.boot.autoconfigure.orm.jpa.JpaBaseConfiguration$JpaWebConfiguration$JpaWebMvcConfiguration","thread_name":"main","level":"WARN","level_value":30000}
{"@timestamp":"2019-04-14T23:28:31.386+02:00","@version":"1","message":"Adding welcome page template: index","logger_name":"org.springframework.boot.autoconfigure.web.servlet.WelcomePageHandlerMapping","thread_name":"main","level":"INFO","level_value":20000}
{"@timestamp":"2019-04-14T23:28:31.934+02:00","@version":"1","message":"Starting ProtocolHandler [\"http-nio-8080\"]","logger_name":"org.apache.coyote.http11.Http11NioProtocol","thread_name":"main","level":"INFO","level_value":20000}
{"@timestamp":"2019-04-14T23:28:32.053+02:00","@version":"1","message":"Tomcat started on port(s): 8080 (http) with context path ''","logger_name":"org.springframework.boot.web.embedded.tomcat.TomcatWebServer","thread_name":"main","level":"INFO","level_value":20000}
{"@timestamp":"2019-04-14T23:28:32.057+02:00","@version":"1","message":"Started Application in 14.733 seconds (JVM running for 31.646)","logger_name":"com.baeldung.crud.Application","thread_name":"main","level":"INFO","level_value":20000}
{"@timestamp":"2019-04-14T23:28:32.683+02:00","@version":"1","message":"Initializing Spring DispatcherServlet 'dispatcherServlet'","logger_name":"org.apache.catalina.core.ContainerBase.[Tomcat].[localhost].[/]","thread_name":"http-nio-8080-exec-1","level":"INFO","level_value":20000}
{"@timestamp":"2019-04-14T23:28:32.689+02:00","@version":"1","message":"Initializing Servlet 'dispatcherServlet'","logger_name":"org.springframework.web.servlet.DispatcherServlet","thread_name":"http-nio-8080-exec-1","level":"INFO","level_value":20000}
{"@timestamp":"2019-04-14T23:28:32.792+02:00","@version":"1","message":"Completed initialization in 89 ms","logger_name":"org.springframework.web.servlet.DispatcherServlet","thread_name":"http-nio-8080-exec-1","level":"INFO","level_value":20000}
{"@timestamp":"2019-04-14T23:28:34.011+02:00","@version":"1","message":"invoking action=addUser userId=0","logger_name":"com.baeldung.crud.controllers.UserController","thread_name":"http-nio-8080-exec-3","level":"INFO","level_value":20000,"requestId":"845b2d9d-9958-4b07-939c-6196f3add0f9","action":"addUser","userId":0}
{"@timestamp":"2019-04-14T23:28:34.368+02:00","@version":"1","message":"HHH000397: Using ASTQueryTranslatorFactory","logger_name":"org.hibernate.hql.internal.QueryTranslatorFactoryInitiator","thread_name":"http-nio-8080-exec-3","level":"INFO","level_value":20000,"requestId":"845b2d9d-9958-4b07-939c-6196f3add0f9"}
{"@timestamp":"2019-04-14T23:28:36.004+02:00","@version":"1","message":"invoking action=addUser userId=0","logger_name":"com.baeldung.crud.controllers.UserController","thread_name":"http-nio-8080-exec-4","level":"INFO","level_value":20000,"requestId":"fe2fd0b8-04b5-42e2-92ad-489cf79bb344","action":"addUser","userId":0}
{"@timestamp":"2019-04-14T23:28:36.149+02:00","@version":"1","message":"invoking action=addUser userId=0","logger_name":"com.baeldung.crud.controllers.UserController","thread_name":"http-nio-8080-exec-6","level":"INFO","level_value":20000,"requestId":"974ad3b3-9ea4-45b9-9df0-68263164ffcd","action":"addUser","userId":0}
{"@timestamp":"2019-04-14T23:28:36.260+02:00","@version":"1","message":"invoked action=updateUser userId=1","logger_name":"com.baeldung.crud.controllers.UserController","thread_name":"http-nio-8080-exec-7","level":"INFO","level_value":20000,"requestId":"b6577357-c28c-42e1-be8d-29e4e0bb0566","action":"updateUser","userId":1}
{"@timestamp":"2019-04-14T23:28:36.290+02:00","@version":"1","message":"edited info userId=1","logger_name":"com.baeldung.crud.controllers.UserController","thread_name":"http-nio-8080-exec-7","level":"WARN","level_value":30000,"requestId":"b6577357-c28c-42e1-be8d-29e4e0bb0566","userId":1}
{"@timestamp":"2019-04-14T23:28:36.472+02:00","@version":"1","message":"invoked action=deleteUser userId=2","logger_name":"com.baeldung.crud.controllers.UserController","thread_name":"http-nio-8080-exec-5","level":"INFO","level_value":20000,"requestId":"c513ea7d-bd7d-4a82-a4f6-23e8b4f4ea6c","action":"deleteUser","userId":2}
{"@timestamp":"2019-04-14T23:28:36.518+02:00","@version":"1","message":"deleted userId=2","logger_name":"com.baeldung.crud.controllers.UserController","thread_name":"http-nio-8080-exec-5","level":"INFO","level_value":20000,"requestId":"c513ea7d-bd7d-4a82-a4f6-23e8b4f4ea6c","userId":2}
{"@timestamp":"2019-04-14T23:28:36.666+02:00","@version":"1","message":"invoked action=deleteUser userId=3","logger_name":"com.baeldung.crud.controllers.UserController","thread_name":"http-nio-8080-exec-9","level":"INFO","level_value":20000,"requestId":"1c5c6ae2-85c0-41b5-af0c-48e55154946f","action":"deleteUser","userId":3}
{"@timestamp":"2019-04-14T23:28:36.669+02:00","@version":"1","message":"deleted userId=3","logger_name":"com.baeldung.crud.controllers.UserController","thread_name":"http-nio-8080-exec-9","level":"INFO","level_value":20000,"requestId":"1c5c6ae2-85c0-41b5-af0c-48e55154946f","userId":3}
{"@timestamp":"2019-04-14T23:28:36.766+02:00","@version":"1","message":"Shutting down ExecutorService 'applicationTaskExecutor'","logger_name":"org.springframework.scheduling.concurrent.ThreadPoolTaskExecutor","thread_name":"Thread-6","level":"INFO","level_value":20000}
{"@timestamp":"2019-04-14T23:28:36.784+02:00","@version":"1","message":"Closing JPA EntityManagerFactory for persistence unit 'default'","logger_name":"org.springframework.orm.jpa.LocalContainerEntityManagerFactoryBean","thread_name":"Thread-6","level":"INFO","level_value":20000}
{"@timestamp":"2019-04-14T23:28:36.785+02:00","@version":"1","message":"HHH000477: Starting delayed evictData of schema as part of SessionFactory shut-down'","logger_name":"org.hibernate.tool.schema.internal.SchemaDropperImpl$DelayedDropActionImpl","thread_name":"Thread-6","level":"INFO","level_value":20000}
{"@timestamp":"2019-04-14T23:28:36.812+02:00","@version":"1","message":"HikariPool-1 - Shutdown initiated...","logger_name":"com.zaxxer.hikari.HikariDataSource","thread_name":"Thread-6","level":"INFO","level_value":20000}
{"@timestamp":"2019-04-14T23:28:36.875+02:00","@version":"1","message":"HikariPool-1 - Shutdown completed.","logger_name":"com.zaxxer.hikari.HikariDataSource","thread_name":"Thread-6","level":"INFO","level_value":20000}
