{"@timestamp":"2019-04-22T20:10:24.450+02:00","@version":"1","message":"invoking action=addUser userId=0","logger_name":"com.baeldung.crud.controllers.UserController","thread_name":"main","level":"INFO","level_value":20000,"action":"addUser","userId":0}
{"@timestamp":"2019-04-22T20:10:24.494+02:00","@version":"1","message":"invoked action=updateUser userId=0","logger_name":"com.baeldung.crud.controllers.UserController","thread_name":"main","level":"INFO","level_value":20000,"action":"updateUser","userId":0}
{"@timestamp":"2019-04-22T20:10:24.496+02:00","@version":"1","message":"invoked action=updateUser userId=0 result=ok priority=high","logger_name":"com.baeldung.crud.controllers.UserController","thread_name":"main","level":"INFO","level_value":20000,"action":"updateUser","userId":0,"result":"ok","priority":"high"}
{"@timestamp":"2019-04-22T20:10:24.497+02:00","@version":"1","message":"invoked action=updateUser userId=0","logger_name":"com.baeldung.crud.controllers.UserController","thread_name":"main","level":"INFO","level_value":20000,"action":"updateUser","userId":0}
{"@timestamp":"2019-04-22T20:10:24.498+02:00","@version":"1","message":"invoked action=deleteUser userId=1","logger_name":"com.baeldung.crud.controllers.UserController","thread_name":"main","level":"INFO","level_value":20000,"action":"deleteUser","userId":1}
{"@timestamp":"2019-04-22T20:10:24.503+02:00","@version":"1","message":"invoking action=addUser userId=0","logger_name":"com.baeldung.crud.controllers.UserController","thread_name":"main","level":"INFO","level_value":20000,"action":"addUser","userId":0}
{"@timestamp":"2019-04-22T20:10:24.504+02:00","@version":"1","message":"invoked action=showSignUpForm userId=0","logger_name":"com.baeldung.crud.controllers.UserController","thread_name":"main","level":"INFO","level_value":20000,"action":"showSignUpForm","userId":0}
{"@timestamp":"2019-04-22T20:10:24.505+02:00","@version":"1","message":"invoked action=showUpdateForm userId=0","logger_name":"com.baeldung.crud.controllers.UserController","thread_name":"main","level":"INFO","level_value":20000,"action":"showUpdateForm","userId":0}
{"@timestamp":"2019-04-22T20:10:26.924+02:00","@version":"1","message":"Starting Application on 192.168.1.131 with PID 22348 (/home/alberto/meetup/Step6/spring-boot-crud-6/target/classes started by alberto in /home/alberto/meetup/Step6/spring-boot-crud-6)","logger_name":"com.baeldung.crud.Application","thread_name":"main","level":"INFO","level_value":20000}
{"@timestamp":"2019-04-22T20:10:26.940+02:00","@version":"1","message":"No active profile set, falling back to default profiles: default","logger_name":"com.baeldung.crud.Application","thread_name":"main","level":"INFO","level_value":20000}
{"@timestamp":"2019-04-22T20:10:27.741+02:00","@version":"1","message":"Bootstrapping Spring Data repositories in DEFAULT mode.","logger_name":"org.springframework.data.repository.config.RepositoryConfigurationDelegate","thread_name":"main","level":"INFO","level_value":20000}
{"@timestamp":"2019-04-22T20:10:27.838+02:00","@version":"1","message":"Finished Spring Data repository scanning in 84ms. Found 1 repository interfaces.","logger_name":"org.springframework.data.repository.config.RepositoryConfigurationDelegate","thread_name":"main","level":"INFO","level_value":20000}
{"@timestamp":"2019-04-22T20:10:28.690+02:00","@version":"1","message":"Bean 'org.springframework.transaction.annotation.ProxyTransactionManagementConfiguration' of type [org.springframework.transaction.annotation.ProxyTransactionManagementConfiguration$$EnhancerBySpringCGLIB$$4414b109] is not eligible for getting processed by all BeanPostProcessors (for example: not eligible for auto-proxying)","logger_name":"org.springframework.context.support.PostProcessorRegistrationDelegate$BeanPostProcessorChecker","thread_name":"main","level":"INFO","level_value":20000}
{"@timestamp":"2019-04-22T20:10:29.555+02:00","@version":"1","message":"Tomcat initialized with port(s): 8080 (http)","logger_name":"org.springframework.boot.web.embedded.tomcat.TomcatWebServer","thread_name":"main","level":"INFO","level_value":20000}
{"@timestamp":"2019-04-22T20:10:29.594+02:00","@version":"1","message":"Initializing ProtocolHandler [\"http-nio-8080\"]","logger_name":"org.apache.coyote.http11.Http11NioProtocol","thread_name":"main","level":"INFO","level_value":20000}
{"@timestamp":"2019-04-22T20:10:29.617+02:00","@version":"1","message":"Starting service [Tomcat]","logger_name":"org.apache.catalina.core.StandardService","thread_name":"main","level":"INFO","level_value":20000}
{"@timestamp":"2019-04-22T20:10:29.618+02:00","@version":"1","message":"Starting Servlet engine: [Apache Tomcat/9.0.16]","logger_name":"org.apache.catalina.core.StandardEngine","thread_name":"main","level":"INFO","level_value":20000}
{"@timestamp":"2019-04-22T20:10:29.637+02:00","@version":"1","message":"The APR based Apache Tomcat Native library which allows optimal performance in production environments was not found on the java.library.path: [/usr/java/packages/lib/amd64:/usr/lib64:/lib64:/lib:/usr/lib]","logger_name":"org.apache.catalina.core.AprLifecycleListener","thread_name":"main","level":"INFO","level_value":20000}
{"@timestamp":"2019-04-22T20:10:29.995+02:00","@version":"1","message":"Initializing Spring embedded WebApplicationContext","logger_name":"org.apache.catalina.core.ContainerBase.[Tomcat].[localhost].[/]","thread_name":"main","level":"INFO","level_value":20000}
{"@timestamp":"2019-04-22T20:10:29.997+02:00","@version":"1","message":"Root WebApplicationContext: initialization completed in 2950 ms","logger_name":"org.springframework.web.context.ContextLoader","thread_name":"main","level":"INFO","level_value":20000}
{"@timestamp":"2019-04-22T20:10:30.285+02:00","@version":"1","message":"HikariPool-1 - Starting...","logger_name":"com.zaxxer.hikari.HikariDataSource","thread_name":"main","level":"INFO","level_value":20000}
{"@timestamp":"2019-04-22T20:10:30.547+02:00","@version":"1","message":"HikariPool-1 - Start completed.","logger_name":"com.zaxxer.hikari.HikariDataSource","thread_name":"main","level":"INFO","level_value":20000}
{"@timestamp":"2019-04-22T20:10:30.692+02:00","@version":"1","message":"HHH000204: Processing PersistenceUnitInfo [\n\tname: default\n\t...]","logger_name":"org.hibernate.jpa.internal.util.LogHelper","thread_name":"main","level":"INFO","level_value":20000}
{"@timestamp":"2019-04-22T20:10:30.832+02:00","@version":"1","message":"HHH000412: Hibernate Core {5.3.7.Final}","logger_name":"org.hibernate.Version","thread_name":"main","level":"INFO","level_value":20000}
{"@timestamp":"2019-04-22T20:10:30.833+02:00","@version":"1","message":"HHH000206: hibernate.properties not found","logger_name":"org.hibernate.cfg.Environment","thread_name":"main","level":"INFO","level_value":20000}
{"@timestamp":"2019-04-22T20:10:31.085+02:00","@version":"1","message":"HCANN000001: Hibernate Commons Annotations {5.0.4.Final}","logger_name":"org.hibernate.annotations.common.Version","thread_name":"main","level":"INFO","level_value":20000}
{"@timestamp":"2019-04-22T20:10:31.305+02:00","@version":"1","message":"HHH000400: Using dialect: org.hibernate.dialect.H2Dialect","logger_name":"org.hibernate.dialect.Dialect","thread_name":"main","level":"INFO","level_value":20000}
{"@timestamp":"2019-04-22T20:10:32.102+02:00","@version":"1","message":"HHH000476: Executing import script 'org.hibernate.tool.schema.internal.exec.ScriptSourceInputNonExistentImpl@2c8e4c61'","logger_name":"org.hibernate.tool.schema.internal.SchemaCreatorImpl","thread_name":"main","level":"INFO","level_value":20000}
{"@timestamp":"2019-04-22T20:10:32.106+02:00","@version":"1","message":"Initialized JPA EntityManagerFactory for persistence unit 'default'","logger_name":"org.springframework.orm.jpa.LocalContainerEntityManagerFactoryBean","thread_name":"main","level":"INFO","level_value":20000}
{"@timestamp":"2019-04-22T20:10:33.216+02:00","@version":"1","message":"Initializing ExecutorService 'applicationTaskExecutor'","logger_name":"org.springframework.scheduling.concurrent.ThreadPoolTaskExecutor","thread_name":"main","level":"INFO","level_value":20000}
{"@timestamp":"2019-04-22T20:10:33.309+02:00","@version":"1","message":"spring.jpa.open-in-view is enabled by default. Therefore, database queries may be performed during view rendering. Explicitly configure spring.jpa.open-in-view to disable this warning","logger_name":"org.springframework.boot.autoconfigure.orm.jpa.JpaBaseConfiguration$JpaWebConfiguration$JpaWebMvcConfiguration","thread_name":"main","level":"WARN","level_value":30000}
{"@timestamp":"2019-04-22T20:10:33.551+02:00","@version":"1","message":"Adding welcome page template: index","logger_name":"org.springframework.boot.autoconfigure.web.servlet.WelcomePageHandlerMapping","thread_name":"main","level":"INFO","level_value":20000}
{"@timestamp":"2019-04-22T20:10:33.853+02:00","@version":"1","message":"Starting ProtocolHandler [\"http-nio-8080\"]","logger_name":"org.apache.coyote.http11.Http11NioProtocol","thread_name":"main","level":"INFO","level_value":20000}
{"@timestamp":"2019-04-22T20:10:33.903+02:00","@version":"1","message":"Tomcat started on port(s): 8080 (http) with context path ''","logger_name":"org.springframework.boot.web.embedded.tomcat.TomcatWebServer","thread_name":"main","level":"INFO","level_value":20000}
{"@timestamp":"2019-04-22T20:10:33.906+02:00","@version":"1","message":"Started Application in 7.461 seconds (JVM running for 16.795)","logger_name":"com.baeldung.crud.Application","thread_name":"main","level":"INFO","level_value":20000}
{"@timestamp":"2019-04-22T20:10:35.111+02:00","@version":"1","message":"Initializing Spring DispatcherServlet 'dispatcherServlet'","logger_name":"org.apache.catalina.core.ContainerBase.[Tomcat].[localhost].[/]","thread_name":"http-nio-8080-exec-1","level":"INFO","level_value":20000}
{"@timestamp":"2019-04-22T20:10:35.112+02:00","@version":"1","message":"Initializing Servlet 'dispatcherServlet'","logger_name":"org.springframework.web.servlet.DispatcherServlet","thread_name":"http-nio-8080-exec-1","level":"INFO","level_value":20000}
{"@timestamp":"2019-04-22T20:10:35.156+02:00","@version":"1","message":"Completed initialization in 44 ms","logger_name":"org.springframework.web.servlet.DispatcherServlet","thread_name":"http-nio-8080-exec-1","level":"INFO","level_value":20000}
{"@timestamp":"2019-04-22T20:10:35.657+02:00","@version":"1","message":"invoking action=addUser userId=0","logger_name":"com.baeldung.crud.controllers.UserController","thread_name":"http-nio-8080-exec-2","level":"INFO","level_value":20000,"requestId":"7442eb07-edd2-4217-a9d4-089a8c41ba0a","action":"addUser","userId":0}
{"@timestamp":"2019-04-22T20:10:35.818+02:00","@version":"1","message":"HHH000397: Using ASTQueryTranslatorFactory","logger_name":"org.hibernate.hql.internal.QueryTranslatorFactoryInitiator","thread_name":"http-nio-8080-exec-2","level":"INFO","level_value":20000,"requestId":"7442eb07-edd2-4217-a9d4-089a8c41ba0a"}
{"@timestamp":"2019-04-22T20:10:36.262+02:00","@version":"1","message":"invoking action=addUser userId=0","logger_name":"com.baeldung.crud.controllers.UserController","thread_name":"http-nio-8080-exec-4","level":"INFO","level_value":20000,"requestId":"01fd38bb-c5f4-44d8-bca3-6701722337fe","action":"addUser","userId":0}
{"@timestamp":"2019-04-22T20:10:36.312+02:00","@version":"1","message":"invoking action=addUser userId=0","logger_name":"com.baeldung.crud.controllers.UserController","thread_name":"http-nio-8080-exec-5","level":"INFO","level_value":20000,"requestId":"916826b9-d1c9-4a0b-a9d3-eaf0d0798363","action":"addUser","userId":0}
{"@timestamp":"2019-04-22T20:10:36.348+02:00","@version":"1","message":"invoked action=updateUser userId=1","logger_name":"com.baeldung.crud.controllers.UserController","thread_name":"http-nio-8080-exec-7","level":"INFO","level_value":20000,"requestId":"e96e375b-4151-43b7-9e32-ffbdd2dcc5da","action":"updateUser","userId":1}
{"@timestamp":"2019-04-22T20:10:36.365+02:00","@version":"1","message":"invoked action=updateUser userId=1 result=ok priority=high","logger_name":"com.baeldung.crud.controllers.UserController","thread_name":"http-nio-8080-exec-7","level":"INFO","level_value":20000,"requestId":"e96e375b-4151-43b7-9e32-ffbdd2dcc5da","action":"updateUser","userId":1,"result":"ok","priority":"high"}
{"@timestamp":"2019-04-22T20:10:36.416+02:00","@version":"1","message":"invoked action=deleteUser userId=2","logger_name":"com.baeldung.crud.controllers.UserController","thread_name":"http-nio-8080-exec-8","level":"INFO","level_value":20000,"requestId":"57ac16f8-db4b-4544-9e02-f5365d8c98ad","action":"deleteUser","userId":2}
{"@timestamp":"2019-04-22T20:10:36.446+02:00","@version":"1","message":"invoked action=deleteUser userId=2 result=ok priority=high","logger_name":"com.baeldung.crud.controllers.UserController","thread_name":"http-nio-8080-exec-8","level":"INFO","level_value":20000,"requestId":"57ac16f8-db4b-4544-9e02-f5365d8c98ad","action":"deleteUser","userId":2,"result":"ok","priority":"high"}
{"@timestamp":"2019-04-22T20:10:36.498+02:00","@version":"1","message":"invoked action=deleteUser userId=3","logger_name":"com.baeldung.crud.controllers.UserController","thread_name":"http-nio-8080-exec-9","level":"INFO","level_value":20000,"requestId":"46531dc8-7a2e-4ec1-95cb-160fcd6a20f2","action":"deleteUser","userId":3}
{"@timestamp":"2019-04-22T20:10:36.504+02:00","@version":"1","message":"invoked action=deleteUser userId=3 result=ok priority=high","logger_name":"com.baeldung.crud.controllers.UserController","thread_name":"http-nio-8080-exec-9","level":"INFO","level_value":20000,"requestId":"46531dc8-7a2e-4ec1-95cb-160fcd6a20f2","action":"deleteUser","userId":3,"result":"ok","priority":"high"}
{"@timestamp":"2019-04-22T20:10:36.530+02:00","@version":"1","message":"Shutting down ExecutorService 'applicationTaskExecutor'","logger_name":"org.springframework.scheduling.concurrent.ThreadPoolTaskExecutor","thread_name":"Thread-6","level":"INFO","level_value":20000}
{"@timestamp":"2019-04-22T20:10:36.531+02:00","@version":"1","message":"Closing JPA EntityManagerFactory for persistence unit 'default'","logger_name":"org.springframework.orm.jpa.LocalContainerEntityManagerFactoryBean","thread_name":"Thread-6","level":"INFO","level_value":20000}
{"@timestamp":"2019-04-22T20:10:36.532+02:00","@version":"1","message":"HHH000477: Starting delayed evictData of schema as part of SessionFactory shut-down'","logger_name":"org.hibernate.tool.schema.internal.SchemaDropperImpl$DelayedDropActionImpl","thread_name":"Thread-6","level":"INFO","level_value":20000}
{"@timestamp":"2019-04-22T20:10:36.541+02:00","@version":"1","message":"HikariPool-1 - Shutdown initiated...","logger_name":"com.zaxxer.hikari.HikariDataSource","thread_name":"Thread-6","level":"INFO","level_value":20000}
{"@timestamp":"2019-04-22T20:10:36.549+02:00","@version":"1","message":"HikariPool-1 - Shutdown completed.","logger_name":"com.zaxxer.hikari.HikariDataSource","thread_name":"Thread-6","level":"INFO","level_value":20000}
{"@timestamp":"2019-04-22T20:24:29.228+02:00","@version":"1","message":"invoking action=addUser userId=0","logger_name":"com.baeldung.crud.controllers.UserController","thread_name":"main","level":"INFO","level_value":20000,"action":"addUser","userId":0}
{"@timestamp":"2019-04-22T20:24:29.295+02:00","@version":"1","message":"invoked action=updateUser userId=0","logger_name":"com.baeldung.crud.controllers.UserController","thread_name":"main","level":"INFO","level_value":20000,"action":"updateUser","userId":0}
{"@timestamp":"2019-04-22T20:24:29.297+02:00","@version":"1","message":"invoked action=updateUser userId=0 result=ok priority=high","logger_name":"com.baeldung.crud.controllers.UserController","thread_name":"main","level":"INFO","level_value":20000,"action":"updateUser","userId":0,"result":"ok","priority":"high"}
{"@timestamp":"2019-04-22T20:24:29.300+02:00","@version":"1","message":"invoked action=updateUser userId=0","logger_name":"com.baeldung.crud.controllers.UserController","thread_name":"main","level":"INFO","level_value":20000,"action":"updateUser","userId":0}
{"@timestamp":"2019-04-22T20:24:29.301+02:00","@version":"1","message":"invoked action=deleteUser userId=1","logger_name":"com.baeldung.crud.controllers.UserController","thread_name":"main","level":"INFO","level_value":20000,"action":"deleteUser","userId":1}
{"@timestamp":"2019-04-22T20:24:29.322+02:00","@version":"1","message":"invoking action=addUser userId=0","logger_name":"com.baeldung.crud.controllers.UserController","thread_name":"main","level":"INFO","level_value":20000,"action":"addUser","userId":0}
{"@timestamp":"2019-04-22T20:24:29.324+02:00","@version":"1","message":"invoked action=showSignUpForm userId=0","logger_name":"com.baeldung.crud.controllers.UserController","thread_name":"main","level":"INFO","level_value":20000,"action":"showSignUpForm","userId":0}
{"@timestamp":"2019-04-22T20:24:29.327+02:00","@version":"1","message":"invoked action=showUpdateForm userId=0","logger_name":"com.baeldung.crud.controllers.UserController","thread_name":"main","level":"INFO","level_value":20000,"action":"showUpdateForm","userId":0}
{"@timestamp":"2019-04-22T20:24:34.867+02:00","@version":"1","message":"Starting Application on 192.168.1.131 with PID 26845 (/home/alberto/meetup/Step6/spring-boot-crud-6/target/classes started by alberto in /home/alberto/meetup/Step6/spring-boot-crud-6)","logger_name":"com.baeldung.crud.Application","thread_name":"main","level":"INFO","level_value":20000}
{"@timestamp":"2019-04-22T20:24:34.948+02:00","@version":"1","message":"No active profile set, falling back to default profiles: default","logger_name":"com.baeldung.crud.Application","thread_name":"main","level":"INFO","level_value":20000}
{"@timestamp":"2019-04-22T20:24:37.361+02:00","@version":"1","message":"Bootstrapping Spring Data repositories in DEFAULT mode.","logger_name":"org.springframework.data.repository.config.RepositoryConfigurationDelegate","thread_name":"main","level":"INFO","level_value":20000}
{"@timestamp":"2019-04-22T20:24:37.537+02:00","@version":"1","message":"Finished Spring Data repository scanning in 140ms. Found 1 repository interfaces.","logger_name":"org.springframework.data.repository.config.RepositoryConfigurationDelegate","thread_name":"main","level":"INFO","level_value":20000}
{"@timestamp":"2019-04-22T20:24:39.026+02:00","@version":"1","message":"Bean 'org.springframework.transaction.annotation.ProxyTransactionManagementConfiguration' of type [org.springframework.transaction.annotation.ProxyTransactionManagementConfiguration$$EnhancerBySpringCGLIB$$a52d0696] is not eligible for getting processed by all BeanPostProcessors (for example: not eligible for auto-proxying)","logger_name":"org.springframework.context.support.PostProcessorRegistrationDelegate$BeanPostProcessorChecker","thread_name":"main","level":"INFO","level_value":20000}
{"@timestamp":"2019-04-22T20:24:40.079+02:00","@version":"1","message":"Tomcat initialized with port(s): 8080 (http)","logger_name":"org.springframework.boot.web.embedded.tomcat.TomcatWebServer","thread_name":"main","level":"INFO","level_value":20000}
{"@timestamp":"2019-04-22T20:24:40.108+02:00","@version":"1","message":"Initializing ProtocolHandler [\"http-nio-8080\"]","logger_name":"org.apache.coyote.http11.Http11NioProtocol","thread_name":"main","level":"INFO","level_value":20000}
{"@timestamp":"2019-04-22T20:24:40.129+02:00","@version":"1","message":"Starting service [Tomcat]","logger_name":"org.apache.catalina.core.StandardService","thread_name":"main","level":"INFO","level_value":20000}
{"@timestamp":"2019-04-22T20:24:40.130+02:00","@version":"1","message":"Starting Servlet engine: [Apache Tomcat/9.0.16]","logger_name":"org.apache.catalina.core.StandardEngine","thread_name":"main","level":"INFO","level_value":20000}
{"@timestamp":"2019-04-22T20:24:40.151+02:00","@version":"1","message":"The APR based Apache Tomcat Native library which allows optimal performance in production environments was not found on the java.library.path: [/usr/java/packages/lib/amd64:/usr/lib64:/lib64:/lib:/usr/lib]","logger_name":"org.apache.catalina.core.AprLifecycleListener","thread_name":"main","level":"INFO","level_value":20000}
{"@timestamp":"2019-04-22T20:24:40.632+02:00","@version":"1","message":"Initializing Spring embedded WebApplicationContext","logger_name":"org.apache.catalina.core.ContainerBase.[Tomcat].[localhost].[/]","thread_name":"main","level":"INFO","level_value":20000}
{"@timestamp":"2019-04-22T20:24:40.632+02:00","@version":"1","message":"Root WebApplicationContext: initialization completed in 5359 ms","logger_name":"org.springframework.web.context.ContextLoader","thread_name":"main","level":"INFO","level_value":20000}
{"@timestamp":"2019-04-22T20:24:40.948+02:00","@version":"1","message":"HikariPool-1 - Starting...","logger_name":"com.zaxxer.hikari.HikariDataSource","thread_name":"main","level":"INFO","level_value":20000}
{"@timestamp":"2019-04-22T20:24:41.296+02:00","@version":"1","message":"HikariPool-1 - Start completed.","logger_name":"com.zaxxer.hikari.HikariDataSource","thread_name":"main","level":"INFO","level_value":20000}
{"@timestamp":"2019-04-22T20:24:41.429+02:00","@version":"1","message":"HHH000204: Processing PersistenceUnitInfo [\n\tname: default\n\t...]","logger_name":"org.hibernate.jpa.internal.util.LogHelper","thread_name":"main","level":"INFO","level_value":20000}
{"@timestamp":"2019-04-22T20:24:41.561+02:00","@version":"1","message":"HHH000412: Hibernate Core {5.3.7.Final}","logger_name":"org.hibernate.Version","thread_name":"main","level":"INFO","level_value":20000}
{"@timestamp":"2019-04-22T20:24:41.563+02:00","@version":"1","message":"HHH000206: hibernate.properties not found","logger_name":"org.hibernate.cfg.Environment","thread_name":"main","level":"INFO","level_value":20000}
{"@timestamp":"2019-04-22T20:24:41.932+02:00","@version":"1","message":"HCANN000001: Hibernate Commons Annotations {5.0.4.Final}","logger_name":"org.hibernate.annotations.common.Version","thread_name":"main","level":"INFO","level_value":20000}
{"@timestamp":"2019-04-22T20:24:42.163+02:00","@version":"1","message":"HHH000400: Using dialect: org.hibernate.dialect.H2Dialect","logger_name":"org.hibernate.dialect.Dialect","thread_name":"main","level":"INFO","level_value":20000}
{"@timestamp":"2019-04-22T20:24:42.963+02:00","@version":"1","message":"HHH000476: Executing import script 'org.hibernate.tool.schema.internal.exec.ScriptSourceInputNonExistentImpl@40e87e18'","logger_name":"org.hibernate.tool.schema.internal.SchemaCreatorImpl","thread_name":"main","level":"INFO","level_value":20000}
{"@timestamp":"2019-04-22T20:24:42.968+02:00","@version":"1","message":"Initialized JPA EntityManagerFactory for persistence unit 'default'","logger_name":"org.springframework.orm.jpa.LocalContainerEntityManagerFactoryBean","thread_name":"main","level":"INFO","level_value":20000}
{"@timestamp":"2019-04-22T20:24:44.153+02:00","@version":"1","message":"Initializing ExecutorService 'applicationTaskExecutor'","logger_name":"org.springframework.scheduling.concurrent.ThreadPoolTaskExecutor","thread_name":"main","level":"INFO","level_value":20000}
{"@timestamp":"2019-04-22T20:24:44.286+02:00","@version":"1","message":"spring.jpa.open-in-view is enabled by default. Therefore, database queries may be performed during view rendering. Explicitly configure spring.jpa.open-in-view to disable this warning","logger_name":"org.springframework.boot.autoconfigure.orm.jpa.JpaBaseConfiguration$JpaWebConfiguration$JpaWebMvcConfiguration","thread_name":"main","level":"WARN","level_value":30000}
{"@timestamp":"2019-04-22T20:24:44.549+02:00","@version":"1","message":"Adding welcome page template: index","logger_name":"org.springframework.boot.autoconfigure.web.servlet.WelcomePageHandlerMapping","thread_name":"main","level":"INFO","level_value":20000}
{"@timestamp":"2019-04-22T20:24:45.130+02:00","@version":"1","message":"Starting ProtocolHandler [\"http-nio-8080\"]","logger_name":"org.apache.coyote.http11.Http11NioProtocol","thread_name":"main","level":"INFO","level_value":20000}
{"@timestamp":"2019-04-22T20:24:45.332+02:00","@version":"1","message":"Tomcat started on port(s): 8080 (http) with context path ''","logger_name":"org.springframework.boot.web.embedded.tomcat.TomcatWebServer","thread_name":"main","level":"INFO","level_value":20000}
{"@timestamp":"2019-04-22T20:24:45.345+02:00","@version":"1","message":"Started Application in 11.718 seconds (JVM running for 32.818)","logger_name":"com.baeldung.crud.Application","thread_name":"main","level":"INFO","level_value":20000}
{"@timestamp":"2019-04-22T20:24:45.494+02:00","@version":"1","message":"Initializing Spring DispatcherServlet 'dispatcherServlet'","logger_name":"org.apache.catalina.core.ContainerBase.[Tomcat].[localhost].[/]","thread_name":"http-nio-8080-exec-1","level":"INFO","level_value":20000}
{"@timestamp":"2019-04-22T20:24:45.494+02:00","@version":"1","message":"Initializing Servlet 'dispatcherServlet'","logger_name":"org.springframework.web.servlet.DispatcherServlet","thread_name":"http-nio-8080-exec-1","level":"INFO","level_value":20000}
{"@timestamp":"2019-04-22T20:24:45.546+02:00","@version":"1","message":"Completed initialization in 51 ms","logger_name":"org.springframework.web.servlet.DispatcherServlet","thread_name":"http-nio-8080-exec-1","level":"INFO","level_value":20000}
{"@timestamp":"2019-04-22T20:24:46.740+02:00","@version":"1","message":"invoking action=addUser userId=0","logger_name":"com.baeldung.crud.controllers.UserController","thread_name":"http-nio-8080-exec-3","level":"INFO","level_value":20000,"requestId":"78e0ff96-5b74-42fe-8e7a-5e38c1905942","action":"addUser","userId":0}
{"@timestamp":"2019-04-22T20:24:46.989+02:00","@version":"1","message":"HHH000397: Using ASTQueryTranslatorFactory","logger_name":"org.hibernate.hql.internal.QueryTranslatorFactoryInitiator","thread_name":"http-nio-8080-exec-3","level":"INFO","level_value":20000,"requestId":"78e0ff96-5b74-42fe-8e7a-5e38c1905942"}
{"@timestamp":"2019-04-22T20:24:47.541+02:00","@version":"1","message":"invoking action=addUser userId=0","logger_name":"com.baeldung.crud.controllers.UserController","thread_name":"http-nio-8080-exec-4","level":"INFO","level_value":20000,"requestId":"526b5c65-6d33-4c15-953d-ad99ce8d29bc","action":"addUser","userId":0}
{"@timestamp":"2019-04-22T20:24:47.580+02:00","@version":"1","message":"invoking action=addUser userId=0","logger_name":"com.baeldung.crud.controllers.UserController","thread_name":"http-nio-8080-exec-5","level":"INFO","level_value":20000,"requestId":"b5870640-fc70-444a-917c-3a694237895d","action":"addUser","userId":0}
{"@timestamp":"2019-04-22T20:24:47.616+02:00","@version":"1","message":"invoked action=updateUser userId=1","logger_name":"com.baeldung.crud.controllers.UserController","thread_name":"http-nio-8080-exec-7","level":"INFO","level_value":20000,"requestId":"f1d2fdd7-23f1-4f5a-8808-b817e7891627","action":"updateUser","userId":1}
{"@timestamp":"2019-04-22T20:24:47.628+02:00","@version":"1","message":"invoked action=updateUser userId=1 result=ok priority=high","logger_name":"com.baeldung.crud.controllers.UserController","thread_name":"http-nio-8080-exec-7","level":"INFO","level_value":20000,"requestId":"f1d2fdd7-23f1-4f5a-8808-b817e7891627","action":"updateUser","userId":1,"result":"ok","priority":"high"}
{"@timestamp":"2019-04-22T20:24:47.663+02:00","@version":"1","message":"invoked action=deleteUser userId=2","logger_name":"com.baeldung.crud.controllers.UserController","thread_name":"http-nio-8080-exec-9","level":"INFO","level_value":20000,"requestId":"c9659c31-39f4-4c82-b2d6-0d6742fe2035","action":"deleteUser","userId":2}
{"@timestamp":"2019-04-22T20:24:47.686+02:00","@version":"1","message":"invoked action=deleteUser userId=2 result=ok priority=high","logger_name":"com.baeldung.crud.controllers.UserController","thread_name":"http-nio-8080-exec-9","level":"INFO","level_value":20000,"requestId":"c9659c31-39f4-4c82-b2d6-0d6742fe2035","action":"deleteUser","userId":2,"result":"ok","priority":"high"}
{"@timestamp":"2019-04-22T20:24:47.737+02:00","@version":"1","message":"invoked action=deleteUser userId=3","logger_name":"com.baeldung.crud.controllers.UserController","thread_name":"http-nio-8080-exec-10","level":"INFO","level_value":20000,"requestId":"4e644e62-ea6a-4b14-b01c-eb276872e3c5","action":"deleteUser","userId":3}
{"@timestamp":"2019-04-22T20:24:47.743+02:00","@version":"1","message":"invoked action=deleteUser userId=3 result=ok priority=high","logger_name":"com.baeldung.crud.controllers.UserController","thread_name":"http-nio-8080-exec-10","level":"INFO","level_value":20000,"requestId":"4e644e62-ea6a-4b14-b01c-eb276872e3c5","action":"deleteUser","userId":3,"result":"ok","priority":"high"}
{"@timestamp":"2019-04-22T20:24:47.775+02:00","@version":"1","message":"Shutting down ExecutorService 'applicationTaskExecutor'","logger_name":"org.springframework.scheduling.concurrent.ThreadPoolTaskExecutor","thread_name":"Thread-6","level":"INFO","level_value":20000}
{"@timestamp":"2019-04-22T20:24:47.776+02:00","@version":"1","message":"Closing JPA EntityManagerFactory for persistence unit 'default'","logger_name":"org.springframework.orm.jpa.LocalContainerEntityManagerFactoryBean","thread_name":"Thread-6","level":"INFO","level_value":20000}
{"@timestamp":"2019-04-22T20:24:47.777+02:00","@version":"1","message":"HHH000477: Starting delayed evictData of schema as part of SessionFactory shut-down'","logger_name":"org.hibernate.tool.schema.internal.SchemaDropperImpl$DelayedDropActionImpl","thread_name":"Thread-6","level":"INFO","level_value":20000}
{"@timestamp":"2019-04-22T20:24:47.800+02:00","@version":"1","message":"HikariPool-1 - Shutdown initiated...","logger_name":"com.zaxxer.hikari.HikariDataSource","thread_name":"Thread-6","level":"INFO","level_value":20000}
{"@timestamp":"2019-04-22T20:24:47.824+02:00","@version":"1","message":"HikariPool-1 - Shutdown completed.","logger_name":"com.zaxxer.hikari.HikariDataSource","thread_name":"Thread-6","level":"INFO","level_value":20000}
{"@timestamp":"2019-04-22T20:33:20.813+02:00","@version":"1","message":"invoking action=addUser userId=0","logger_name":"com.baeldung.crud.controllers.UserController","thread_name":"main","level":"INFO","level_value":20000,"action":"addUser","userId":0}
{"@timestamp":"2019-04-22T20:33:20.850+02:00","@version":"1","message":"invoked action=updateUser userId=0","logger_name":"com.baeldung.crud.controllers.UserController","thread_name":"main","level":"INFO","level_value":20000,"action":"updateUser","userId":0}
{"@timestamp":"2019-04-22T20:33:20.852+02:00","@version":"1","message":"invoked action=updateUser userId=0 result=ok priority=high","logger_name":"com.baeldung.crud.controllers.UserController","thread_name":"main","level":"INFO","level_value":20000,"action":"updateUser","userId":0,"result":"ok","priority":"high"}
{"@timestamp":"2019-04-22T20:33:20.853+02:00","@version":"1","message":"invoked action=updateUser userId=0","logger_name":"com.baeldung.crud.controllers.UserController","thread_name":"main","level":"INFO","level_value":20000,"action":"updateUser","userId":0}
{"@timestamp":"2019-04-22T20:33:20.854+02:00","@version":"1","message":"invoked action=deleteUser userId=1","logger_name":"com.baeldung.crud.controllers.UserController","thread_name":"main","level":"INFO","level_value":20000,"action":"deleteUser","userId":1}
{"@timestamp":"2019-04-22T20:33:20.859+02:00","@version":"1","message":"invoking action=addUser userId=0","logger_name":"com.baeldung.crud.controllers.UserController","thread_name":"main","level":"INFO","level_value":20000,"action":"addUser","userId":0}
{"@timestamp":"2019-04-22T20:33:20.860+02:00","@version":"1","message":"invoked action=showSignUpForm userId=0","logger_name":"com.baeldung.crud.controllers.UserController","thread_name":"main","level":"INFO","level_value":20000,"action":"showSignUpForm","userId":0}
{"@timestamp":"2019-04-22T20:33:20.861+02:00","@version":"1","message":"invoked action=showUpdateForm userId=0","logger_name":"com.baeldung.crud.controllers.UserController","thread_name":"main","level":"INFO","level_value":20000,"action":"showUpdateForm","userId":0}
{"@timestamp":"2019-04-22T20:33:23.245+02:00","@version":"1","message":"Starting Application on 192.168.1.131 with PID 28714 (/home/alberto/meetup/Step6/spring-boot-crud-6/target/classes started by alberto in /home/alberto/meetup/Step6/spring-boot-crud-6)","logger_name":"com.baeldung.crud.Application","thread_name":"main","level":"INFO","level_value":20000}
{"@timestamp":"2019-04-22T20:33:23.268+02:00","@version":"1","message":"No active profile set, falling back to default profiles: default","logger_name":"com.baeldung.crud.Application","thread_name":"main","level":"INFO","level_value":20000}
{"@timestamp":"2019-04-22T20:33:24.058+02:00","@version":"1","message":"Bootstrapping Spring Data repositories in DEFAULT mode.","logger_name":"org.springframework.data.repository.config.RepositoryConfigurationDelegate","thread_name":"main","level":"INFO","level_value":20000}
{"@timestamp":"2019-04-22T20:33:24.134+02:00","@version":"1","message":"Finished Spring Data repository scanning in 66ms. Found 1 repository interfaces.","logger_name":"org.springframework.data.repository.config.RepositoryConfigurationDelegate","thread_name":"main","level":"INFO","level_value":20000}
{"@timestamp":"2019-04-22T20:33:24.879+02:00","@version":"1","message":"Bean 'org.springframework.transaction.annotation.ProxyTransactionManagementConfiguration' of type [org.springframework.transaction.annotation.ProxyTransactionManagementConfiguration$$EnhancerBySpringCGLIB$$e3276c75] is not eligible for getting processed by all BeanPostProcessors (for example: not eligible for auto-proxying)","logger_name":"org.springframework.context.support.PostProcessorRegistrationDelegate$BeanPostProcessorChecker","thread_name":"main","level":"INFO","level_value":20000}
{"@timestamp":"2019-04-22T20:33:25.657+02:00","@version":"1","message":"Tomcat initialized with port(s): 8080 (http)","logger_name":"org.springframework.boot.web.embedded.tomcat.TomcatWebServer","thread_name":"main","level":"INFO","level_value":20000}
{"@timestamp":"2019-04-22T20:33:25.684+02:00","@version":"1","message":"Initializing ProtocolHandler [\"http-nio-8080\"]","logger_name":"org.apache.coyote.http11.Http11NioProtocol","thread_name":"main","level":"INFO","level_value":20000}
{"@timestamp":"2019-04-22T20:33:25.711+02:00","@version":"1","message":"Starting service [Tomcat]","logger_name":"org.apache.catalina.core.StandardService","thread_name":"main","level":"INFO","level_value":20000}
{"@timestamp":"2019-04-22T20:33:25.711+02:00","@version":"1","message":"Starting Servlet engine: [Apache Tomcat/9.0.16]","logger_name":"org.apache.catalina.core.StandardEngine","thread_name":"main","level":"INFO","level_value":20000}
{"@timestamp":"2019-04-22T20:33:25.741+02:00","@version":"1","message":"The APR based Apache Tomcat Native library which allows optimal performance in production environments was not found on the java.library.path: [/usr/java/packages/lib/amd64:/usr/lib64:/lib64:/lib:/usr/lib]","logger_name":"org.apache.catalina.core.AprLifecycleListener","thread_name":"main","level":"INFO","level_value":20000}
{"@timestamp":"2019-04-22T20:33:26.194+02:00","@version":"1","message":"Initializing Spring embedded WebApplicationContext","logger_name":"org.apache.catalina.core.ContainerBase.[Tomcat].[localhost].[/]","thread_name":"main","level":"INFO","level_value":20000}
{"@timestamp":"2019-04-22T20:33:26.195+02:00","@version":"1","message":"Root WebApplicationContext: initialization completed in 2804 ms","logger_name":"org.springframework.web.context.ContextLoader","thread_name":"main","level":"INFO","level_value":20000}
{"@timestamp":"2019-04-22T20:33:26.487+02:00","@version":"1","message":"HikariPool-1 - Starting...","logger_name":"com.zaxxer.hikari.HikariDataSource","thread_name":"main","level":"INFO","level_value":20000}
{"@timestamp":"2019-04-22T20:33:26.775+02:00","@version":"1","message":"HikariPool-1 - Start completed.","logger_name":"com.zaxxer.hikari.HikariDataSource","thread_name":"main","level":"INFO","level_value":20000}
{"@timestamp":"2019-04-22T20:33:27.036+02:00","@version":"1","message":"HHH000204: Processing PersistenceUnitInfo [\n\tname: default\n\t...]","logger_name":"org.hibernate.jpa.internal.util.LogHelper","thread_name":"main","level":"INFO","level_value":20000}
{"@timestamp":"2019-04-22T20:33:27.235+02:00","@version":"1","message":"HHH000412: Hibernate Core {5.3.7.Final}","logger_name":"org.hibernate.Version","thread_name":"main","level":"INFO","level_value":20000}
{"@timestamp":"2019-04-22T20:33:27.254+02:00","@version":"1","message":"HHH000206: hibernate.properties not found","logger_name":"org.hibernate.cfg.Environment","thread_name":"main","level":"INFO","level_value":20000}
{"@timestamp":"2019-04-22T20:33:27.888+02:00","@version":"1","message":"HCANN000001: Hibernate Commons Annotations {5.0.4.Final}","logger_name":"org.hibernate.annotations.common.Version","thread_name":"main","level":"INFO","level_value":20000}
{"@timestamp":"2019-04-22T20:33:28.396+02:00","@version":"1","message":"HHH000400: Using dialect: org.hibernate.dialect.H2Dialect","logger_name":"org.hibernate.dialect.Dialect","thread_name":"main","level":"INFO","level_value":20000}
{"@timestamp":"2019-04-22T20:33:30.386+02:00","@version":"1","message":"HHH000476: Executing import script 'org.hibernate.tool.schema.internal.exec.ScriptSourceInputNonExistentImpl@6737590a'","logger_name":"org.hibernate.tool.schema.internal.SchemaCreatorImpl","thread_name":"main","level":"INFO","level_value":20000}
{"@timestamp":"2019-04-22T20:33:30.390+02:00","@version":"1","message":"Initialized JPA EntityManagerFactory for persistence unit 'default'","logger_name":"org.springframework.orm.jpa.LocalContainerEntityManagerFactoryBean","thread_name":"main","level":"INFO","level_value":20000}
{"@timestamp":"2019-04-22T20:33:31.886+02:00","@version":"1","message":"Initializing ExecutorService 'applicationTaskExecutor'","logger_name":"org.springframework.scheduling.concurrent.ThreadPoolTaskExecutor","thread_name":"main","level":"INFO","level_value":20000}
{"@timestamp":"2019-04-22T20:33:32.006+02:00","@version":"1","message":"spring.jpa.open-in-view is enabled by default. Therefore, database queries may be performed during view rendering. Explicitly configure spring.jpa.open-in-view to disable this warning","logger_name":"org.springframework.boot.autoconfigure.orm.jpa.JpaBaseConfiguration$JpaWebConfiguration$JpaWebMvcConfiguration","thread_name":"main","level":"WARN","level_value":30000}
{"@timestamp":"2019-04-22T20:33:32.338+02:00","@version":"1","message":"Adding welcome page template: index","logger_name":"org.springframework.boot.autoconfigure.web.servlet.WelcomePageHandlerMapping","thread_name":"main","level":"INFO","level_value":20000}
{"@timestamp":"2019-04-22T20:33:32.578+02:00","@version":"1","message":"Starting ProtocolHandler [\"http-nio-8080\"]","logger_name":"org.apache.coyote.http11.Http11NioProtocol","thread_name":"main","level":"INFO","level_value":20000}
{"@timestamp":"2019-04-22T20:33:32.643+02:00","@version":"1","message":"Tomcat started on port(s): 8080 (http) with context path ''","logger_name":"org.springframework.boot.web.embedded.tomcat.TomcatWebServer","thread_name":"main","level":"INFO","level_value":20000}
{"@timestamp":"2019-04-22T20:33:32.648+02:00","@version":"1","message":"Started Application in 9.983 seconds (JVM running for 19.0)","logger_name":"com.baeldung.crud.Application","thread_name":"main","level":"INFO","level_value":20000}
{"@timestamp":"2019-04-22T20:33:32.912+02:00","@version":"1","message":"Initializing Spring DispatcherServlet 'dispatcherServlet'","logger_name":"org.apache.catalina.core.ContainerBase.[Tomcat].[localhost].[/]","thread_name":"http-nio-8080-exec-1","level":"INFO","level_value":20000}
{"@timestamp":"2019-04-22T20:33:32.915+02:00","@version":"1","message":"Initializing Servlet 'dispatcherServlet'","logger_name":"org.springframework.web.servlet.DispatcherServlet","thread_name":"http-nio-8080-exec-1","level":"INFO","level_value":20000}
{"@timestamp":"2019-04-22T20:33:32.965+02:00","@version":"1","message":"Completed initialization in 48 ms","logger_name":"org.springframework.web.servlet.DispatcherServlet","thread_name":"http-nio-8080-exec-1","level":"INFO","level_value":20000}
{"@timestamp":"2019-04-22T20:33:33.908+02:00","@version":"1","message":"invoking action=addUser userId=0","logger_name":"com.baeldung.crud.controllers.UserController","thread_name":"http-nio-8080-exec-3","level":"INFO","level_value":20000,"requestId":"b35eb1fd-12f8-410f-9e37-6be870cb2018","action":"addUser","userId":0}
{"@timestamp":"2019-04-22T20:33:34.098+02:00","@version":"1","message":"HHH000397: Using ASTQueryTranslatorFactory","logger_name":"org.hibernate.hql.internal.QueryTranslatorFactoryInitiator","thread_name":"http-nio-8080-exec-3","level":"INFO","level_value":20000,"requestId":"b35eb1fd-12f8-410f-9e37-6be870cb2018"}
{"@timestamp":"2019-04-22T20:33:34.490+02:00","@version":"1","message":"invoking action=addUser userId=0","logger_name":"com.baeldung.crud.controllers.UserController","thread_name":"http-nio-8080-exec-2","level":"INFO","level_value":20000,"requestId":"fb0be034-892f-4d34-a1ac-3f66cbf3f0ed","action":"addUser","userId":0}
{"@timestamp":"2019-04-22T20:33:34.536+02:00","@version":"1","message":"invoking action=addUser userId=0","logger_name":"com.baeldung.crud.controllers.UserController","thread_name":"http-nio-8080-exec-4","level":"INFO","level_value":20000,"requestId":"f44e8e1d-9031-46ce-9e4d-98ce1fc85837","action":"addUser","userId":0}
{"@timestamp":"2019-04-22T20:33:34.603+02:00","@version":"1","message":"invoked action=updateUser userId=1","logger_name":"com.baeldung.crud.controllers.UserController","thread_name":"http-nio-8080-exec-5","level":"INFO","level_value":20000,"requestId":"0e8c5c61-f9e6-4b6f-895c-eefb8d1e7371","action":"updateUser","userId":1}
{"@timestamp":"2019-04-22T20:33:34.617+02:00","@version":"1","message":"invoked action=updateUser userId=1 result=ok priority=high","logger_name":"com.baeldung.crud.controllers.UserController","thread_name":"http-nio-8080-exec-5","level":"INFO","level_value":20000,"requestId":"0e8c5c61-f9e6-4b6f-895c-eefb8d1e7371","action":"updateUser","userId":1,"result":"ok","priority":"high"}
{"@timestamp":"2019-04-22T20:33:34.668+02:00","@version":"1","message":"invoked action=deleteUser userId=2","logger_name":"com.baeldung.crud.controllers.UserController","thread_name":"http-nio-8080-exec-7","level":"INFO","level_value":20000,"requestId":"0ea322cd-d193-46dd-95f0-bfc41d58336e","action":"deleteUser","userId":2}
{"@timestamp":"2019-04-22T20:33:34.697+02:00","@version":"1","message":"invoked action=deleteUser userId=2 result=ok priority=high","logger_name":"com.baeldung.crud.controllers.UserController","thread_name":"http-nio-8080-exec-7","level":"INFO","level_value":20000,"requestId":"0ea322cd-d193-46dd-95f0-bfc41d58336e","action":"deleteUser","userId":2,"result":"ok","priority":"high"}
{"@timestamp":"2019-04-22T20:33:34.738+02:00","@version":"1","message":"invoked action=deleteUser userId=3","logger_name":"com.baeldung.crud.controllers.UserController","thread_name":"http-nio-8080-exec-9","level":"INFO","level_value":20000,"requestId":"d0342dcf-7f6d-4b47-bc40-f17fbfce8267","action":"deleteUser","userId":3}
{"@timestamp":"2019-04-22T20:33:34.741+02:00","@version":"1","message":"invoked action=deleteUser userId=3 result=ok priority=high","logger_name":"com.baeldung.crud.controllers.UserController","thread_name":"http-nio-8080-exec-9","level":"INFO","level_value":20000,"requestId":"d0342dcf-7f6d-4b47-bc40-f17fbfce8267","action":"deleteUser","userId":3,"result":"ok","priority":"high"}
{"@timestamp":"2019-04-22T20:33:34.842+02:00","@version":"1","message":"Shutting down ExecutorService 'applicationTaskExecutor'","logger_name":"org.springframework.scheduling.concurrent.ThreadPoolTaskExecutor","thread_name":"Thread-6","level":"INFO","level_value":20000}
{"@timestamp":"2019-04-22T20:33:34.846+02:00","@version":"1","message":"Closing JPA EntityManagerFactory for persistence unit 'default'","logger_name":"org.springframework.orm.jpa.LocalContainerEntityManagerFactoryBean","thread_name":"Thread-6","level":"INFO","level_value":20000}
{"@timestamp":"2019-04-22T20:33:34.851+02:00","@version":"1","message":"HHH000477: Starting delayed evictData of schema as part of SessionFactory shut-down'","logger_name":"org.hibernate.tool.schema.internal.SchemaDropperImpl$DelayedDropActionImpl","thread_name":"Thread-6","level":"INFO","level_value":20000}
{"@timestamp":"2019-04-22T20:33:34.858+02:00","@version":"1","message":"HikariPool-1 - Shutdown initiated...","logger_name":"com.zaxxer.hikari.HikariDataSource","thread_name":"Thread-6","level":"INFO","level_value":20000}
{"@timestamp":"2019-04-22T20:33:34.888+02:00","@version":"1","message":"HikariPool-1 - Shutdown completed.","logger_name":"com.zaxxer.hikari.HikariDataSource","thread_name":"Thread-6","level":"INFO","level_value":20000}
{"@timestamp":"2019-04-22T20:38:16.291+02:00","@version":"1","message":"invoking action=addUser userId=0","logger_name":"com.baeldung.crud.controllers.UserController","thread_name":"main","level":"INFO","level_value":20000,"action":"addUser","userId":0}
{"@timestamp":"2019-04-22T20:38:16.359+02:00","@version":"1","message":"invoked action=updateUser userId=0","logger_name":"com.baeldung.crud.controllers.UserController","thread_name":"main","level":"INFO","level_value":20000,"action":"updateUser","userId":0}
{"@timestamp":"2019-04-22T20:38:16.362+02:00","@version":"1","message":"invoked action=updateUser userId=0 result=ok priority=high","logger_name":"com.baeldung.crud.controllers.UserController","thread_name":"main","level":"INFO","level_value":20000,"action":"updateUser","userId":0,"result":"ok","priority":"high"}
{"@timestamp":"2019-04-22T20:38:16.363+02:00","@version":"1","message":"invoked action=updateUser userId=0","logger_name":"com.baeldung.crud.controllers.UserController","thread_name":"main","level":"INFO","level_value":20000,"action":"updateUser","userId":0}
{"@timestamp":"2019-04-22T20:38:16.365+02:00","@version":"1","message":"invoked action=deleteUser userId=1","logger_name":"com.baeldung.crud.controllers.UserController","thread_name":"main","level":"INFO","level_value":20000,"action":"deleteUser","userId":1}
{"@timestamp":"2019-04-22T20:38:16.375+02:00","@version":"1","message":"invoking action=addUser userId=0","logger_name":"com.baeldung.crud.controllers.UserController","thread_name":"main","level":"INFO","level_value":20000,"action":"addUser","userId":0}
{"@timestamp":"2019-04-22T20:38:16.377+02:00","@version":"1","message":"invoked action=showSignUpForm userId=0","logger_name":"com.baeldung.crud.controllers.UserController","thread_name":"main","level":"INFO","level_value":20000,"action":"showSignUpForm","userId":0}
{"@timestamp":"2019-04-22T20:38:16.380+02:00","@version":"1","message":"invoked action=showUpdateForm userId=0","logger_name":"com.baeldung.crud.controllers.UserController","thread_name":"main","level":"INFO","level_value":20000,"action":"showUpdateForm","userId":0}
{"@timestamp":"2019-04-22T20:38:21.710+02:00","@version":"1","message":"Starting Application on 192.168.1.131 with PID 30346 (/home/alberto/meetup/Step6/spring-boot-crud-6/target/classes started by alberto in /home/alberto/meetup/Step6/spring-boot-crud-6)","logger_name":"com.baeldung.crud.Application","thread_name":"main","level":"INFO","level_value":20000}
{"@timestamp":"2019-04-22T20:38:21.818+02:00","@version":"1","message":"No active profile set, falling back to default profiles: default","logger_name":"com.baeldung.crud.Application","thread_name":"main","level":"INFO","level_value":20000}
{"@timestamp":"2019-04-22T20:38:23.866+02:00","@version":"1","message":"Bootstrapping Spring Data repositories in DEFAULT mode.","logger_name":"org.springframework.data.repository.config.RepositoryConfigurationDelegate","thread_name":"main","level":"INFO","level_value":20000}
{"@timestamp":"2019-04-22T20:38:24.058+02:00","@version":"1","message":"Finished Spring Data repository scanning in 173ms. Found 1 repository interfaces.","logger_name":"org.springframework.data.repository.config.RepositoryConfigurationDelegate","thread_name":"main","level":"INFO","level_value":20000}
{"@timestamp":"2019-04-22T20:38:25.662+02:00","@version":"1","message":"Bean 'org.springframework.transaction.annotation.ProxyTransactionManagementConfiguration' of type [org.springframework.transaction.annotation.ProxyTransactionManagementConfiguration$$EnhancerBySpringCGLIB$$e66dff04] is not eligible for getting processed by all BeanPostProcessors (for example: not eligible for auto-proxying)","logger_name":"org.springframework.context.support.PostProcessorRegistrationDelegate$BeanPostProcessorChecker","thread_name":"main","level":"INFO","level_value":20000}
{"@timestamp":"2019-04-22T20:38:27.393+02:00","@version":"1","message":"Tomcat initialized with port(s): 8080 (http)","logger_name":"org.springframework.boot.web.embedded.tomcat.TomcatWebServer","thread_name":"main","level":"INFO","level_value":20000}
{"@timestamp":"2019-04-22T20:38:27.453+02:00","@version":"1","message":"Initializing ProtocolHandler [\"http-nio-8080\"]","logger_name":"org.apache.coyote.http11.Http11NioProtocol","thread_name":"main","level":"INFO","level_value":20000}
{"@timestamp":"2019-04-22T20:38:27.488+02:00","@version":"1","message":"Starting service [Tomcat]","logger_name":"org.apache.catalina.core.StandardService","thread_name":"main","level":"INFO","level_value":20000}
{"@timestamp":"2019-04-22T20:38:27.489+02:00","@version":"1","message":"Starting Servlet engine: [Apache Tomcat/9.0.16]","logger_name":"org.apache.catalina.core.StandardEngine","thread_name":"main","level":"INFO","level_value":20000}
{"@timestamp":"2019-04-22T20:38:27.514+02:00","@version":"1","message":"The APR based Apache Tomcat Native library which allows optimal performance in production environments was not found on the java.library.path: [/usr/java/packages/lib/amd64:/usr/lib64:/lib64:/lib:/usr/lib]","logger_name":"org.apache.catalina.core.AprLifecycleListener","thread_name":"main","level":"INFO","level_value":20000}
{"@timestamp":"2019-04-22T20:38:28.469+02:00","@version":"1","message":"Initializing Spring embedded WebApplicationContext","logger_name":"org.apache.catalina.core.ContainerBase.[Tomcat].[localhost].[/]","thread_name":"main","level":"INFO","level_value":20000}
{"@timestamp":"2019-04-22T20:38:28.474+02:00","@version":"1","message":"Root WebApplicationContext: initialization completed in 6357 ms","logger_name":"org.springframework.web.context.ContextLoader","thread_name":"main","level":"INFO","level_value":20000}
{"@timestamp":"2019-04-22T20:38:29.272+02:00","@version":"1","message":"HikariPool-1 - Starting...","logger_name":"com.zaxxer.hikari.HikariDataSource","thread_name":"main","level":"INFO","level_value":20000}
{"@timestamp":"2019-04-22T20:38:29.838+02:00","@version":"1","message":"HikariPool-1 - Start completed.","logger_name":"com.zaxxer.hikari.HikariDataSource","thread_name":"main","level":"INFO","level_value":20000}
{"@timestamp":"2019-04-22T20:38:30.273+02:00","@version":"1","message":"HHH000204: Processing PersistenceUnitInfo [\n\tname: default\n\t...]","logger_name":"org.hibernate.jpa.internal.util.LogHelper","thread_name":"main","level":"INFO","level_value":20000}
{"@timestamp":"2019-04-22T20:38:30.558+02:00","@version":"1","message":"HHH000412: Hibernate Core {5.3.7.Final}","logger_name":"org.hibernate.Version","thread_name":"main","level":"INFO","level_value":20000}
{"@timestamp":"2019-04-22T20:38:30.570+02:00","@version":"1","message":"HHH000206: hibernate.properties not found","logger_name":"org.hibernate.cfg.Environment","thread_name":"main","level":"INFO","level_value":20000}
{"@timestamp":"2019-04-22T20:38:31.332+02:00","@version":"1","message":"HCANN000001: Hibernate Commons Annotations {5.0.4.Final}","logger_name":"org.hibernate.annotations.common.Version","thread_name":"main","level":"INFO","level_value":20000}
{"@timestamp":"2019-04-22T20:38:31.713+02:00","@version":"1","message":"HHH000400: Using dialect: org.hibernate.dialect.H2Dialect","logger_name":"org.hibernate.dialect.Dialect","thread_name":"main","level":"INFO","level_value":20000}
{"@timestamp":"2019-04-22T20:38:33.661+02:00","@version":"1","message":"HHH000476: Executing import script 'org.hibernate.tool.schema.internal.exec.ScriptSourceInputNonExistentImpl@5a12f92'","logger_name":"org.hibernate.tool.schema.internal.SchemaCreatorImpl","thread_name":"main","level":"INFO","level_value":20000}
{"@timestamp":"2019-04-22T20:38:33.675+02:00","@version":"1","message":"Initialized JPA EntityManagerFactory for persistence unit 'default'","logger_name":"org.springframework.orm.jpa.LocalContainerEntityManagerFactoryBean","thread_name":"main","level":"INFO","level_value":20000}
{"@timestamp":"2019-04-22T20:38:36.714+02:00","@version":"1","message":"Initializing ExecutorService 'applicationTaskExecutor'","logger_name":"org.springframework.scheduling.concurrent.ThreadPoolTaskExecutor","thread_name":"main","level":"INFO","level_value":20000}
{"@timestamp":"2019-04-22T20:38:36.903+02:00","@version":"1","message":"spring.jpa.open-in-view is enabled by default. Therefore, database queries may be performed during view rendering. Explicitly configure spring.jpa.open-in-view to disable this warning","logger_name":"org.springframework.boot.autoconfigure.orm.jpa.JpaBaseConfiguration$JpaWebConfiguration$JpaWebMvcConfiguration","thread_name":"main","level":"WARN","level_value":30000}
{"@timestamp":"2019-04-22T20:38:37.426+02:00","@version":"1","message":"Adding welcome page template: index","logger_name":"org.springframework.boot.autoconfigure.web.servlet.WelcomePageHandlerMapping","thread_name":"main","level":"INFO","level_value":20000}
{"@timestamp":"2019-04-22T20:38:38.101+02:00","@version":"1","message":"Starting ProtocolHandler [\"http-nio-8080\"]","logger_name":"org.apache.coyote.http11.Http11NioProtocol","thread_name":"main","level":"INFO","level_value":20000}
{"@timestamp":"2019-04-22T20:38:38.242+02:00","@version":"1","message":"Tomcat started on port(s): 8080 (http) with context path ''","logger_name":"org.springframework.boot.web.embedded.tomcat.TomcatWebServer","thread_name":"main","level":"INFO","level_value":20000}
{"@timestamp":"2019-04-22T20:38:38.252+02:00","@version":"1","message":"Started Application in 17.764 seconds (JVM running for 37.714)","logger_name":"com.baeldung.crud.Application","thread_name":"main","level":"INFO","level_value":20000}
{"@timestamp":"2019-04-22T20:38:38.986+02:00","@version":"1","message":"Initializing Spring DispatcherServlet 'dispatcherServlet'","logger_name":"org.apache.catalina.core.ContainerBase.[Tomcat].[localhost].[/]","thread_name":"http-nio-8080-exec-1","level":"INFO","level_value":20000}
{"@timestamp":"2019-04-22T20:38:38.989+02:00","@version":"1","message":"Initializing Servlet 'dispatcherServlet'","logger_name":"org.springframework.web.servlet.DispatcherServlet","thread_name":"http-nio-8080-exec-1","level":"INFO","level_value":20000}
{"@timestamp":"2019-04-22T20:38:39.050+02:00","@version":"1","message":"Completed initialization in 54 ms","logger_name":"org.springframework.web.servlet.DispatcherServlet","thread_name":"http-nio-8080-exec-1","level":"INFO","level_value":20000}
{"@timestamp":"2019-04-22T20:38:39.709+02:00","@version":"1","message":"invoking action=addUser userId=0","logger_name":"com.baeldung.crud.controllers.UserController","thread_name":"http-nio-8080-exec-2","level":"INFO","level_value":20000,"requestId":"49fa25ed-d3b8-47dc-a939-e22bfc5a0bfc","action":"addUser","userId":0}
{"@timestamp":"2019-04-22T20:38:39.959+02:00","@version":"1","message":"HHH000397: Using ASTQueryTranslatorFactory","logger_name":"org.hibernate.hql.internal.QueryTranslatorFactoryInitiator","thread_name":"http-nio-8080-exec-2","level":"INFO","level_value":20000,"requestId":"49fa25ed-d3b8-47dc-a939-e22bfc5a0bfc"}
{"@timestamp":"2019-04-22T20:38:40.629+02:00","@version":"1","message":"invoking action=addUser userId=0","logger_name":"com.baeldung.crud.controllers.UserController","thread_name":"http-nio-8080-exec-3","level":"INFO","level_value":20000,"requestId":"c2990ff1-32c0-4a3a-b294-a84d4a66056a","action":"addUser","userId":0}
{"@timestamp":"2019-04-22T20:38:40.671+02:00","@version":"1","message":"invoking action=addUser userId=0","logger_name":"com.baeldung.crud.controllers.UserController","thread_name":"http-nio-8080-exec-5","level":"INFO","level_value":20000,"requestId":"db872a6f-79ea-492e-b921-9479304f4d11","action":"addUser","userId":0}
{"@timestamp":"2019-04-22T20:38:40.708+02:00","@version":"1","message":"invoked action=updateUser userId=1","logger_name":"com.baeldung.crud.controllers.UserController","thread_name":"http-nio-8080-exec-6","level":"INFO","level_value":20000,"requestId":"64e9b30a-52fb-4866-b6b3-ae347aa4619a","action":"updateUser","userId":1}
{"@timestamp":"2019-04-22T20:38:40.718+02:00","@version":"1","message":"invoked action=updateUser userId=1 result=ok priority=high","logger_name":"com.baeldung.crud.controllers.UserController","thread_name":"http-nio-8080-exec-6","level":"INFO","level_value":20000,"requestId":"64e9b30a-52fb-4866-b6b3-ae347aa4619a","action":"updateUser","userId":1,"result":"ok","priority":"high"}
{"@timestamp":"2019-04-22T20:38:40.750+02:00","@version":"1","message":"invoked action=deleteUser userId=2","logger_name":"com.baeldung.crud.controllers.UserController","thread_name":"http-nio-8080-exec-7","level":"INFO","level_value":20000,"requestId":"48419051-0d32-4a1c-9a91-b7ee8d89f8c7","action":"deleteUser","userId":2}
{"@timestamp":"2019-04-22T20:38:40.782+02:00","@version":"1","message":"invoked action=deleteUser userId=2 result=ok priority=high","logger_name":"com.baeldung.crud.controllers.UserController","thread_name":"http-nio-8080-exec-7","level":"INFO","level_value":20000,"requestId":"48419051-0d32-4a1c-9a91-b7ee8d89f8c7","action":"deleteUser","userId":2,"result":"ok","priority":"high"}
{"@timestamp":"2019-04-22T20:38:40.819+02:00","@version":"1","message":"invoked action=deleteUser userId=3","logger_name":"com.baeldung.crud.controllers.UserController","thread_name":"http-nio-8080-exec-8","level":"INFO","level_value":20000,"requestId":"7444bc6b-4ffd-47b3-b5a9-a39355df853c","action":"deleteUser","userId":3}
{"@timestamp":"2019-04-22T20:38:40.823+02:00","@version":"1","message":"invoked action=deleteUser userId=3 result=ok priority=high","logger_name":"com.baeldung.crud.controllers.UserController","thread_name":"http-nio-8080-exec-8","level":"INFO","level_value":20000,"requestId":"7444bc6b-4ffd-47b3-b5a9-a39355df853c","action":"deleteUser","userId":3,"result":"ok","priority":"high"}
{"@timestamp":"2019-04-22T20:38:40.861+02:00","@version":"1","message":"Shutting down ExecutorService 'applicationTaskExecutor'","logger_name":"org.springframework.scheduling.concurrent.ThreadPoolTaskExecutor","thread_name":"Thread-6","level":"INFO","level_value":20000}
{"@timestamp":"2019-04-22T20:38:40.868+02:00","@version":"1","message":"Closing JPA EntityManagerFactory for persistence unit 'default'","logger_name":"org.springframework.orm.jpa.LocalContainerEntityManagerFactoryBean","thread_name":"Thread-6","level":"INFO","level_value":20000}
{"@timestamp":"2019-04-22T20:38:40.868+02:00","@version":"1","message":"HHH000477: Starting delayed evictData of schema as part of SessionFactory shut-down'","logger_name":"org.hibernate.tool.schema.internal.SchemaDropperImpl$DelayedDropActionImpl","thread_name":"Thread-6","level":"INFO","level_value":20000}
{"@timestamp":"2019-04-22T20:38:40.878+02:00","@version":"1","message":"HikariPool-1 - Shutdown initiated...","logger_name":"com.zaxxer.hikari.HikariDataSource","thread_name":"Thread-6","level":"INFO","level_value":20000}
{"@timestamp":"2019-04-22T20:38:40.888+02:00","@version":"1","message":"HikariPool-1 - Shutdown completed.","logger_name":"com.zaxxer.hikari.HikariDataSource","thread_name":"Thread-6","level":"INFO","level_value":20000}
{"@timestamp":"2019-04-22T22:59:13.290+02:00","@version":"1","message":"invoking action=addUser userId=0","logger_name":"com.baeldung.crud.controllers.UserController","thread_name":"main","level":"INFO","level_value":20000,"action":"addUser","userId":0}
{"@timestamp":"2019-04-22T22:59:13.324+02:00","@version":"1","message":"invoked action=updateUser userId=0","logger_name":"com.baeldung.crud.controllers.UserController","thread_name":"main","level":"INFO","level_value":20000,"action":"updateUser","userId":0}
{"@timestamp":"2019-04-22T22:59:13.326+02:00","@version":"1","message":"invoked action=updateUser userId=0 result=ok priority=high","logger_name":"com.baeldung.crud.controllers.UserController","thread_name":"main","level":"INFO","level_value":20000,"action":"updateUser","userId":0,"result":"ok","priority":"high"}
{"@timestamp":"2019-04-22T22:59:13.327+02:00","@version":"1","message":"invoked action=updateUser userId=0","logger_name":"com.baeldung.crud.controllers.UserController","thread_name":"main","level":"INFO","level_value":20000,"action":"updateUser","userId":0}
{"@timestamp":"2019-04-22T22:59:13.328+02:00","@version":"1","message":"invoked action=deleteUser userId=1","logger_name":"com.baeldung.crud.controllers.UserController","thread_name":"main","level":"INFO","level_value":20000,"action":"deleteUser","userId":1}
{"@timestamp":"2019-04-22T22:59:13.332+02:00","@version":"1","message":"invoking action=addUser userId=0","logger_name":"com.baeldung.crud.controllers.UserController","thread_name":"main","level":"INFO","level_value":20000,"action":"addUser","userId":0}
{"@timestamp":"2019-04-22T22:59:13.334+02:00","@version":"1","message":"invoked action=showSignUpForm userId=0 priority=medium","logger_name":"com.baeldung.crud.controllers.UserController","thread_name":"main","level":"INFO","level_value":20000,"action":"showSignUpForm","userId":0,"priority":"medium"}
{"@timestamp":"2019-04-22T22:59:13.335+02:00","@version":"1","message":"invoked action=showUpdateForm userId=0","logger_name":"com.baeldung.crud.controllers.UserController","thread_name":"main","level":"INFO","level_value":20000,"action":"showUpdateForm","userId":0}
{"@timestamp":"2019-04-22T22:59:15.455+02:00","@version":"1","message":"Starting Application on 192.168.1.131 with PID 1046 (/home/alberto/meetup/Step6/spring-boot-crud-6/target/classes started by alberto in /home/alberto/meetup/Step6/spring-boot-crud-6)","logger_name":"com.baeldung.crud.Application","thread_name":"main","level":"INFO","level_value":20000}
{"@timestamp":"2019-04-22T22:59:15.471+02:00","@version":"1","message":"No active profile set, falling back to default profiles: default","logger_name":"com.baeldung.crud.Application","thread_name":"main","level":"INFO","level_value":20000}
{"@timestamp":"2019-04-22T22:59:16.138+02:00","@version":"1","message":"Bootstrapping Spring Data repositories in DEFAULT mode.","logger_name":"org.springframework.data.repository.config.RepositoryConfigurationDelegate","thread_name":"main","level":"INFO","level_value":20000}
{"@timestamp":"2019-04-22T22:59:16.207+02:00","@version":"1","message":"Finished Spring Data repository scanning in 60ms. Found 1 repository interfaces.","logger_name":"org.springframework.data.repository.config.RepositoryConfigurationDelegate","thread_name":"main","level":"INFO","level_value":20000}
{"@timestamp":"2019-04-22T22:59:16.827+02:00","@version":"1","message":"Bean 'org.springframework.transaction.annotation.ProxyTransactionManagementConfiguration' of type [org.springframework.transaction.annotation.ProxyTransactionManagementConfiguration$$EnhancerBySpringCGLIB$$d1752e7c] is not eligible for getting processed by all BeanPostProcessors (for example: not eligible for auto-proxying)","logger_name":"org.springframework.context.support.PostProcessorRegistrationDelegate$BeanPostProcessorChecker","thread_name":"main","level":"INFO","level_value":20000}
{"@timestamp":"2019-04-22T22:59:17.616+02:00","@version":"1","message":"Tomcat initialized with port(s): 8080 (http)","logger_name":"org.springframework.boot.web.embedded.tomcat.TomcatWebServer","thread_name":"main","level":"INFO","level_value":20000}
{"@timestamp":"2019-04-22T22:59:17.648+02:00","@version":"1","message":"Initializing ProtocolHandler [\"http-nio-8080\"]","logger_name":"org.apache.coyote.http11.Http11NioProtocol","thread_name":"main","level":"INFO","level_value":20000}
{"@timestamp":"2019-04-22T22:59:17.696+02:00","@version":"1","message":"Starting service [Tomcat]","logger_name":"org.apache.catalina.core.StandardService","thread_name":"main","level":"INFO","level_value":20000}
{"@timestamp":"2019-04-22T22:59:17.696+02:00","@version":"1","message":"Starting Servlet engine: [Apache Tomcat/9.0.16]","logger_name":"org.apache.catalina.core.StandardEngine","thread_name":"main","level":"INFO","level_value":20000}
{"@timestamp":"2019-04-22T22:59:17.719+02:00","@version":"1","message":"The APR based Apache Tomcat Native library which allows optimal performance in production environments was not found on the java.library.path: [/usr/java/packages/lib/amd64:/usr/lib64:/lib64:/lib:/usr/lib]","logger_name":"org.apache.catalina.core.AprLifecycleListener","thread_name":"main","level":"INFO","level_value":20000}
{"@timestamp":"2019-04-22T22:59:18.134+02:00","@version":"1","message":"Initializing Spring embedded WebApplicationContext","logger_name":"org.apache.catalina.core.ContainerBase.[Tomcat].[localhost].[/]","thread_name":"main","level":"INFO","level_value":20000}
{"@timestamp":"2019-04-22T22:59:18.135+02:00","@version":"1","message":"Root WebApplicationContext: initialization completed in 2573 ms","logger_name":"org.springframework.web.context.ContextLoader","thread_name":"main","level":"INFO","level_value":20000}
{"@timestamp":"2019-04-22T22:59:18.442+02:00","@version":"1","message":"HikariPool-1 - Starting...","logger_name":"com.zaxxer.hikari.HikariDataSource","thread_name":"main","level":"INFO","level_value":20000}
{"@timestamp":"2019-04-22T22:59:18.768+02:00","@version":"1","message":"HikariPool-1 - Start completed.","logger_name":"com.zaxxer.hikari.HikariDataSource","thread_name":"main","level":"INFO","level_value":20000}
{"@timestamp":"2019-04-22T22:59:18.948+02:00","@version":"1","message":"HHH000204: Processing PersistenceUnitInfo [\n\tname: default\n\t...]","logger_name":"org.hibernate.jpa.internal.util.LogHelper","thread_name":"main","level":"INFO","level_value":20000}
{"@timestamp":"2019-04-22T22:59:19.067+02:00","@version":"1","message":"HHH000412: Hibernate Core {5.3.7.Final}","logger_name":"org.hibernate.Version","thread_name":"main","level":"INFO","level_value":20000}
{"@timestamp":"2019-04-22T22:59:19.069+02:00","@version":"1","message":"HHH000206: hibernate.properties not found","logger_name":"org.hibernate.cfg.Environment","thread_name":"main","level":"INFO","level_value":20000}
{"@timestamp":"2019-04-22T22:59:19.344+02:00","@version":"1","message":"HCANN000001: Hibernate Commons Annotations {5.0.4.Final}","logger_name":"org.hibernate.annotations.common.Version","thread_name":"main","level":"INFO","level_value":20000}
{"@timestamp":"2019-04-22T22:59:19.578+02:00","@version":"1","message":"HHH000400: Using dialect: org.hibernate.dialect.H2Dialect","logger_name":"org.hibernate.dialect.Dialect","thread_name":"main","level":"INFO","level_value":20000}
{"@timestamp":"2019-04-22T22:59:20.451+02:00","@version":"1","message":"HHH000476: Executing import script 'org.hibernate.tool.schema.internal.exec.ScriptSourceInputNonExistentImpl@4171bcd8'","logger_name":"org.hibernate.tool.schema.internal.SchemaCreatorImpl","thread_name":"main","level":"INFO","level_value":20000}
{"@timestamp":"2019-04-22T22:59:20.455+02:00","@version":"1","message":"Initialized JPA EntityManagerFactory for persistence unit 'default'","logger_name":"org.springframework.orm.jpa.LocalContainerEntityManagerFactoryBean","thread_name":"main","level":"INFO","level_value":20000}
{"@timestamp":"2019-04-22T22:59:21.451+02:00","@version":"1","message":"Initializing ExecutorService 'applicationTaskExecutor'","logger_name":"org.springframework.scheduling.concurrent.ThreadPoolTaskExecutor","thread_name":"main","level":"INFO","level_value":20000}
{"@timestamp":"2019-04-22T22:59:21.558+02:00","@version":"1","message":"spring.jpa.open-in-view is enabled by default. Therefore, database queries may be performed during view rendering. Explicitly configure spring.jpa.open-in-view to disable this warning","logger_name":"org.springframework.boot.autoconfigure.orm.jpa.JpaBaseConfiguration$JpaWebConfiguration$JpaWebMvcConfiguration","thread_name":"main","level":"WARN","level_value":30000}
{"@timestamp":"2019-04-22T22:59:21.802+02:00","@version":"1","message":"Adding welcome page template: index","logger_name":"org.springframework.boot.autoconfigure.web.servlet.WelcomePageHandlerMapping","thread_name":"main","level":"INFO","level_value":20000}
{"@timestamp":"2019-04-22T22:59:22.053+02:00","@version":"1","message":"Starting ProtocolHandler [\"http-nio-8080\"]","logger_name":"org.apache.coyote.http11.Http11NioProtocol","thread_name":"main","level":"INFO","level_value":20000}
{"@timestamp":"2019-04-22T22:59:22.152+02:00","@version":"1","message":"Tomcat started on port(s): 8080 (http) with context path ''","logger_name":"org.springframework.boot.web.embedded.tomcat.TomcatWebServer","thread_name":"main","level":"INFO","level_value":20000}
{"@timestamp":"2019-04-22T22:59:22.154+02:00","@version":"1","message":"Started Application in 7.148 seconds (JVM running for 15.139)","logger_name":"com.baeldung.crud.Application","thread_name":"main","level":"INFO","level_value":20000}
{"@timestamp":"2019-04-22T22:59:22.733+02:00","@version":"1","message":"Initializing Spring DispatcherServlet 'dispatcherServlet'","logger_name":"org.apache.catalina.core.ContainerBase.[Tomcat].[localhost].[/]","thread_name":"http-nio-8080-exec-1","level":"INFO","level_value":20000}
{"@timestamp":"2019-04-22T22:59:22.735+02:00","@version":"1","message":"Initializing Servlet 'dispatcherServlet'","logger_name":"org.springframework.web.servlet.DispatcherServlet","thread_name":"http-nio-8080-exec-1","level":"INFO","level_value":20000}
{"@timestamp":"2019-04-22T22:59:22.761+02:00","@version":"1","message":"Completed initialization in 26 ms","logger_name":"org.springframework.web.servlet.DispatcherServlet","thread_name":"http-nio-8080-exec-1","level":"INFO","level_value":20000}
{"@timestamp":"2019-04-22T22:59:23.158+02:00","@version":"1","message":"invoking action=addUser userId=0","logger_name":"com.baeldung.crud.controllers.UserController","thread_name":"http-nio-8080-exec-4","level":"INFO","level_value":20000,"requestId":"a9fa474b-4e49-4e5c-bc4c-dafc3e7b6a39","action":"addUser","userId":0}
{"@timestamp":"2019-04-22T22:59:23.317+02:00","@version":"1","message":"HHH000397: Using ASTQueryTranslatorFactory","logger_name":"org.hibernate.hql.internal.QueryTranslatorFactoryInitiator","thread_name":"http-nio-8080-exec-4","level":"INFO","level_value":20000,"requestId":"a9fa474b-4e49-4e5c-bc4c-dafc3e7b6a39"}
{"@timestamp":"2019-04-22T22:59:23.776+02:00","@version":"1","message":"invoking action=addUser userId=0","logger_name":"com.baeldung.crud.controllers.UserController","thread_name":"http-nio-8080-exec-5","level":"INFO","level_value":20000,"requestId":"459adc77-e1b4-4683-9ab3-3fc0f0c5ad0a","action":"addUser","userId":0}
{"@timestamp":"2019-04-22T22:59:23.821+02:00","@version":"1","message":"invoking action=addUser userId=0","logger_name":"com.baeldung.crud.controllers.UserController","thread_name":"http-nio-8080-exec-6","level":"INFO","level_value":20000,"requestId":"8884072c-3749-49ad-8730-810c5eae9491","action":"addUser","userId":0}
{"@timestamp":"2019-04-22T22:59:23.872+02:00","@version":"1","message":"invoked action=updateUser userId=1","logger_name":"com.baeldung.crud.controllers.UserController","thread_name":"http-nio-8080-exec-7","level":"INFO","level_value":20000,"requestId":"902a9e77-6fbe-42bf-8bf5-95aa20f8d77d","action":"updateUser","userId":1}
{"@timestamp":"2019-04-22T22:59:23.884+02:00","@version":"1","message":"invoked action=updateUser userId=1 result=ok priority=high","logger_name":"com.baeldung.crud.controllers.UserController","thread_name":"http-nio-8080-exec-7","level":"INFO","level_value":20000,"requestId":"902a9e77-6fbe-42bf-8bf5-95aa20f8d77d","action":"updateUser","userId":1,"result":"ok","priority":"high"}
{"@timestamp":"2019-04-22T22:59:23.935+02:00","@version":"1","message":"invoked action=deleteUser userId=2","logger_name":"com.baeldung.crud.controllers.UserController","thread_name":"http-nio-8080-exec-8","level":"INFO","level_value":20000,"requestId":"78580ba8-fcb4-46df-bb4c-5ee3e28324cb","action":"deleteUser","userId":2}
{"@timestamp":"2019-04-22T22:59:23.963+02:00","@version":"1","message":"invoked action=deleteUser userId=2 result=ok priority=high","logger_name":"com.baeldung.crud.controllers.UserController","thread_name":"http-nio-8080-exec-8","level":"INFO","level_value":20000,"requestId":"78580ba8-fcb4-46df-bb4c-5ee3e28324cb","action":"deleteUser","userId":2,"result":"ok","priority":"high"}
{"@timestamp":"2019-04-22T22:59:24.011+02:00","@version":"1","message":"invoked action=deleteUser userId=3","logger_name":"com.baeldung.crud.controllers.UserController","thread_name":"http-nio-8080-exec-9","level":"INFO","level_value":20000,"requestId":"1e5ce798-92f9-4558-b5d0-974d1115db50","action":"deleteUser","userId":3}
{"@timestamp":"2019-04-22T22:59:24.015+02:00","@version":"1","message":"invoked action=deleteUser userId=3 result=ok priority=high","logger_name":"com.baeldung.crud.controllers.UserController","thread_name":"http-nio-8080-exec-9","level":"INFO","level_value":20000,"requestId":"1e5ce798-92f9-4558-b5d0-974d1115db50","action":"deleteUser","userId":3,"result":"ok","priority":"high"}
{"@timestamp":"2019-04-22T22:59:24.037+02:00","@version":"1","message":"Shutting down ExecutorService 'applicationTaskExecutor'","logger_name":"org.springframework.scheduling.concurrent.ThreadPoolTaskExecutor","thread_name":"Thread-6","level":"INFO","level_value":20000}
{"@timestamp":"2019-04-22T22:59:24.041+02:00","@version":"1","message":"Closing JPA EntityManagerFactory for persistence unit 'default'","logger_name":"org.springframework.orm.jpa.LocalContainerEntityManagerFactoryBean","thread_name":"Thread-6","level":"INFO","level_value":20000}
{"@timestamp":"2019-04-22T22:59:24.042+02:00","@version":"1","message":"HHH000477: Starting delayed evictData of schema as part of SessionFactory shut-down'","logger_name":"org.hibernate.tool.schema.internal.SchemaDropperImpl$DelayedDropActionImpl","thread_name":"Thread-6","level":"INFO","level_value":20000}
{"@timestamp":"2019-04-22T22:59:24.048+02:00","@version":"1","message":"HikariPool-1 - Shutdown initiated...","logger_name":"com.zaxxer.hikari.HikariDataSource","thread_name":"Thread-6","level":"INFO","level_value":20000}
{"@timestamp":"2019-04-22T22:59:24.055+02:00","@version":"1","message":"HikariPool-1 - Shutdown completed.","logger_name":"com.zaxxer.hikari.HikariDataSource","thread_name":"Thread-6","level":"INFO","level_value":20000}
