{"@timestamp":"2019-04-14T23:29:09.730+02:00","@version":"1","message":"invoking action=addUser userId=0","logger_name":"com.baeldung.crud.controllers.UserController","thread_name":"main","level":"INFO","level_value":20000,"action":"addUser","userId":0}
{"@timestamp":"2019-04-14T23:29:09.861+02:00","@version":"1","message":"invoked action=updateUser userId=0","logger_name":"com.baeldung.crud.controllers.UserController","thread_name":"main","level":"INFO","level_value":20000,"action":"updateUser","userId":0}
{"@timestamp":"2019-04-14T23:29:09.862+02:00","@version":"1","message":"edited info userId=0","logger_name":"com.baeldung.crud.controllers.UserController","thread_name":"main","level":"WARN","level_value":30000,"userId":0}
{"@timestamp":"2019-04-14T23:29:09.864+02:00","@version":"1","message":"invoked action=updateUser userId=0","logger_name":"com.baeldung.crud.controllers.UserController","thread_name":"main","level":"INFO","level_value":20000,"action":"updateUser","userId":0}
{"@timestamp":"2019-04-14T23:29:09.865+02:00","@version":"1","message":"invoked action=deleteUser userId=1","logger_name":"com.baeldung.crud.controllers.UserController","thread_name":"main","level":"INFO","level_value":20000,"action":"deleteUser","userId":1}
{"@timestamp":"2019-04-14T23:29:09.869+02:00","@version":"1","message":"invoking action=addUser userId=0","logger_name":"com.baeldung.crud.controllers.UserController","thread_name":"main","level":"INFO","level_value":20000,"action":"addUser","userId":0}
{"@timestamp":"2019-04-14T23:29:09.870+02:00","@version":"1","message":"invoked action=showSignUpForm userId=0","logger_name":"com.baeldung.crud.controllers.UserController","thread_name":"main","level":"INFO","level_value":20000,"action":"showSignUpForm","userId":0}
{"@timestamp":"2019-04-14T23:29:09.871+02:00","@version":"1","message":"invoked action=showUpdateForm userId=0","logger_name":"com.baeldung.crud.controllers.UserController","thread_name":"main","level":"INFO","level_value":20000,"action":"showUpdateForm","userId":0}
{"@timestamp":"2019-04-14T23:29:13.778+02:00","@version":"1","message":"Starting Application on 192.168.1.131 with PID 23468 (/home/alberto/meetup/Step5/spring-boot-crud-5/target/classes started by alberto in /home/alberto/meetup/Step5/spring-boot-crud-5)","logger_name":"com.baeldung.crud.Application","thread_name":"main","level":"INFO","level_value":20000}
{"@timestamp":"2019-04-14T23:29:13.812+02:00","@version":"1","message":"No active profile set, falling back to default profiles: default","logger_name":"com.baeldung.crud.Application","thread_name":"main","level":"INFO","level_value":20000}
{"@timestamp":"2019-04-14T23:29:15.310+02:00","@version":"1","message":"Bootstrapping Spring Data repositories in DEFAULT mode.","logger_name":"org.springframework.data.repository.config.RepositoryConfigurationDelegate","thread_name":"main","level":"INFO","level_value":20000}
{"@timestamp":"2019-04-14T23:29:15.445+02:00","@version":"1","message":"Finished Spring Data repository scanning in 114ms. Found 1 repository interfaces.","logger_name":"org.springframework.data.repository.config.RepositoryConfigurationDelegate","thread_name":"main","level":"INFO","level_value":20000}
{"@timestamp":"2019-04-14T23:29:16.769+02:00","@version":"1","message":"Bean 'org.springframework.transaction.annotation.ProxyTransactionManagementConfiguration' of type [org.springframework.transaction.annotation.ProxyTransactionManagementConfiguration$$EnhancerBySpringCGLIB$$b965f62b] is not eligible for getting processed by all BeanPostProcessors (for example: not eligible for auto-proxying)","logger_name":"org.springframework.context.support.PostProcessorRegistrationDelegate$BeanPostProcessorChecker","thread_name":"main","level":"INFO","level_value":20000}
{"@timestamp":"2019-04-14T23:29:17.917+02:00","@version":"1","message":"Tomcat initialized with port(s): 8080 (http)","logger_name":"org.springframework.boot.web.embedded.tomcat.TomcatWebServer","thread_name":"main","level":"INFO","level_value":20000}
{"@timestamp":"2019-04-14T23:29:17.976+02:00","@version":"1","message":"Initializing ProtocolHandler [\"http-nio-8080\"]","logger_name":"org.apache.coyote.http11.Http11NioProtocol","thread_name":"main","level":"INFO","level_value":20000}
{"@timestamp":"2019-04-14T23:29:18.044+02:00","@version":"1","message":"Starting service [Tomcat]","logger_name":"org.apache.catalina.core.StandardService","thread_name":"main","level":"INFO","level_value":20000}
{"@timestamp":"2019-04-14T23:29:18.046+02:00","@version":"1","message":"Starting Servlet engine: [Apache Tomcat/9.0.16]","logger_name":"org.apache.catalina.core.StandardEngine","thread_name":"main","level":"INFO","level_value":20000}
{"@timestamp":"2019-04-14T23:29:18.072+02:00","@version":"1","message":"The APR based Apache Tomcat Native library which allows optimal performance in production environments was not found on the java.library.path: [/usr/java/packages/lib/amd64:/usr/lib64:/lib64:/lib:/usr/lib]","logger_name":"org.apache.catalina.core.AprLifecycleListener","thread_name":"main","level":"INFO","level_value":20000}
{"@timestamp":"2019-04-14T23:29:18.671+02:00","@version":"1","message":"Initializing Spring embedded WebApplicationContext","logger_name":"org.apache.catalina.core.ContainerBase.[Tomcat].[localhost].[/]","thread_name":"main","level":"INFO","level_value":20000}
{"@timestamp":"2019-04-14T23:29:18.675+02:00","@version":"1","message":"Root WebApplicationContext: initialization completed in 4671 ms","logger_name":"org.springframework.web.context.ContextLoader","thread_name":"main","level":"INFO","level_value":20000}
{"@timestamp":"2019-04-14T23:29:19.163+02:00","@version":"1","message":"HikariPool-1 - Starting...","logger_name":"com.zaxxer.hikari.HikariDataSource","thread_name":"main","level":"INFO","level_value":20000}
{"@timestamp":"2019-04-14T23:29:19.511+02:00","@version":"1","message":"HikariPool-1 - Start completed.","logger_name":"com.zaxxer.hikari.HikariDataSource","thread_name":"main","level":"INFO","level_value":20000}
{"@timestamp":"2019-04-14T23:29:19.756+02:00","@version":"1","message":"HHH000204: Processing PersistenceUnitInfo [\n\tname: default\n\t...]","logger_name":"org.hibernate.jpa.internal.util.LogHelper","thread_name":"main","level":"INFO","level_value":20000}
{"@timestamp":"2019-04-14T23:29:19.874+02:00","@version":"1","message":"HHH000412: Hibernate Core {5.3.7.Final}","logger_name":"org.hibernate.Version","thread_name":"main","level":"INFO","level_value":20000}
{"@timestamp":"2019-04-14T23:29:19.880+02:00","@version":"1","message":"HHH000206: hibernate.properties not found","logger_name":"org.hibernate.cfg.Environment","thread_name":"main","level":"INFO","level_value":20000}
{"@timestamp":"2019-04-14T23:29:20.222+02:00","@version":"1","message":"HCANN000001: Hibernate Commons Annotations {5.0.4.Final}","logger_name":"org.hibernate.annotations.common.Version","thread_name":"main","level":"INFO","level_value":20000}
{"@timestamp":"2019-04-14T23:29:20.579+02:00","@version":"1","message":"HHH000400: Using dialect: org.hibernate.dialect.H2Dialect","logger_name":"org.hibernate.dialect.Dialect","thread_name":"main","level":"INFO","level_value":20000}
{"@timestamp":"2019-04-14T23:29:21.598+02:00","@version":"1","message":"HHH000476: Executing import script 'org.hibernate.tool.schema.internal.exec.ScriptSourceInputNonExistentImpl@6ec4f0b9'","logger_name":"org.hibernate.tool.schema.internal.SchemaCreatorImpl","thread_name":"main","level":"INFO","level_value":20000}
{"@timestamp":"2019-04-14T23:29:21.602+02:00","@version":"1","message":"Initialized JPA EntityManagerFactory for persistence unit 'default'","logger_name":"org.springframework.orm.jpa.LocalContainerEntityManagerFactoryBean","thread_name":"main","level":"INFO","level_value":20000}
{"@timestamp":"2019-04-14T23:29:22.694+02:00","@version":"1","message":"Initializing ExecutorService 'applicationTaskExecutor'","logger_name":"org.springframework.scheduling.concurrent.ThreadPoolTaskExecutor","thread_name":"main","level":"INFO","level_value":20000}
{"@timestamp":"2019-04-14T23:29:22.828+02:00","@version":"1","message":"spring.jpa.open-in-view is enabled by default. Therefore, database queries may be performed during view rendering. Explicitly configure spring.jpa.open-in-view to disable this warning","logger_name":"org.springframework.boot.autoconfigure.orm.jpa.JpaBaseConfiguration$JpaWebConfiguration$JpaWebMvcConfiguration","thread_name":"main","level":"WARN","level_value":30000}
{"@timestamp":"2019-04-14T23:29:23.097+02:00","@version":"1","message":"Adding welcome page template: index","logger_name":"org.springframework.boot.autoconfigure.web.servlet.WelcomePageHandlerMapping","thread_name":"main","level":"INFO","level_value":20000}
{"@timestamp":"2019-04-14T23:29:23.303+02:00","@version":"1","message":"Starting ProtocolHandler [\"http-nio-8080\"]","logger_name":"org.apache.coyote.http11.Http11NioProtocol","thread_name":"main","level":"INFO","level_value":20000}
{"@timestamp":"2019-04-14T23:29:23.343+02:00","@version":"1","message":"Tomcat started on port(s): 8080 (http) with context path ''","logger_name":"org.springframework.boot.web.embedded.tomcat.TomcatWebServer","thread_name":"main","level":"INFO","level_value":20000}
{"@timestamp":"2019-04-14T23:29:23.347+02:00","@version":"1","message":"Started Application in 10.419 seconds (JVM running for 24.475)","logger_name":"com.baeldung.crud.Application","thread_name":"main","level":"INFO","level_value":20000}
{"@timestamp":"2019-04-14T23:29:23.708+02:00","@version":"1","message":"Initializing Spring DispatcherServlet 'dispatcherServlet'","logger_name":"org.apache.catalina.core.ContainerBase.[Tomcat].[localhost].[/]","thread_name":"http-nio-8080-exec-1","level":"INFO","level_value":20000}
{"@timestamp":"2019-04-14T23:29:23.709+02:00","@version":"1","message":"Initializing Servlet 'dispatcherServlet'","logger_name":"org.springframework.web.servlet.DispatcherServlet","thread_name":"http-nio-8080-exec-1","level":"INFO","level_value":20000}
{"@timestamp":"2019-04-14T23:29:23.741+02:00","@version":"1","message":"Completed initialization in 31 ms","logger_name":"org.springframework.web.servlet.DispatcherServlet","thread_name":"http-nio-8080-exec-1","level":"INFO","level_value":20000}
{"@timestamp":"2019-04-14T23:29:24.272+02:00","@version":"1","message":"invoking action=addUser userId=0","logger_name":"com.baeldung.crud.controllers.UserController","thread_name":"http-nio-8080-exec-2","level":"INFO","level_value":20000,"requestId":"fb6e0a39-0104-4d17-8a10-e59203e8d7de","action":"addUser","userId":0}
{"@timestamp":"2019-04-14T23:29:24.418+02:00","@version":"1","message":"HHH000397: Using ASTQueryTranslatorFactory","logger_name":"org.hibernate.hql.internal.QueryTranslatorFactoryInitiator","thread_name":"http-nio-8080-exec-2","level":"INFO","level_value":20000,"requestId":"fb6e0a39-0104-4d17-8a10-e59203e8d7de"}
{"@timestamp":"2019-04-14T23:29:24.903+02:00","@version":"1","message":"invoking action=addUser userId=0","logger_name":"com.baeldung.crud.controllers.UserController","thread_name":"http-nio-8080-exec-4","level":"INFO","level_value":20000,"requestId":"b15ca273-7e42-4fcd-adbd-d288c2de0256","action":"addUser","userId":0}
{"@timestamp":"2019-04-14T23:29:24.983+02:00","@version":"1","message":"invoking action=addUser userId=0","logger_name":"com.baeldung.crud.controllers.UserController","thread_name":"http-nio-8080-exec-5","level":"INFO","level_value":20000,"requestId":"cabc4076-2556-421d-907b-464e41ec1378","action":"addUser","userId":0}
{"@timestamp":"2019-04-14T23:29:25.058+02:00","@version":"1","message":"invoked action=updateUser userId=1","logger_name":"com.baeldung.crud.controllers.UserController","thread_name":"http-nio-8080-exec-6","level":"INFO","level_value":20000,"requestId":"2aa3023e-7b9a-42d0-86c3-59b3894c8c51","action":"updateUser","userId":1}
{"@timestamp":"2019-04-14T23:29:25.076+02:00","@version":"1","message":"edited info userId=1","logger_name":"com.baeldung.crud.controllers.UserController","thread_name":"http-nio-8080-exec-6","level":"WARN","level_value":30000,"requestId":"2aa3023e-7b9a-42d0-86c3-59b3894c8c51","userId":1}
{"@timestamp":"2019-04-14T23:29:25.154+02:00","@version":"1","message":"invoked action=deleteUser userId=2","logger_name":"com.baeldung.crud.controllers.UserController","thread_name":"http-nio-8080-exec-7","level":"INFO","level_value":20000,"requestId":"7be95a9d-14c2-4db2-8983-03ce12becc39","action":"deleteUser","userId":2}
{"@timestamp":"2019-04-14T23:29:25.189+02:00","@version":"1","message":"deleted userId=2","logger_name":"com.baeldung.crud.controllers.UserController","thread_name":"http-nio-8080-exec-7","level":"INFO","level_value":20000,"requestId":"7be95a9d-14c2-4db2-8983-03ce12becc39","userId":2}
{"@timestamp":"2019-04-14T23:29:25.277+02:00","@version":"1","message":"invoked action=deleteUser userId=3","logger_name":"com.baeldung.crud.controllers.UserController","thread_name":"http-nio-8080-exec-8","level":"INFO","level_value":20000,"requestId":"020bfa4c-075f-4f0e-b82f-a84b7dbd79b1","action":"deleteUser","userId":3}
{"@timestamp":"2019-04-14T23:29:25.280+02:00","@version":"1","message":"deleted userId=3","logger_name":"com.baeldung.crud.controllers.UserController","thread_name":"http-nio-8080-exec-8","level":"INFO","level_value":20000,"requestId":"020bfa4c-075f-4f0e-b82f-a84b7dbd79b1","userId":3}
{"@timestamp":"2019-04-14T23:29:25.328+02:00","@version":"1","message":"Shutting down ExecutorService 'applicationTaskExecutor'","logger_name":"org.springframework.scheduling.concurrent.ThreadPoolTaskExecutor","thread_name":"Thread-6","level":"INFO","level_value":20000}
{"@timestamp":"2019-04-14T23:29:25.332+02:00","@version":"1","message":"Closing JPA EntityManagerFactory for persistence unit 'default'","logger_name":"org.springframework.orm.jpa.LocalContainerEntityManagerFactoryBean","thread_name":"Thread-6","level":"INFO","level_value":20000}
{"@timestamp":"2019-04-14T23:29:25.332+02:00","@version":"1","message":"HHH000477: Starting delayed evictData of schema as part of SessionFactory shut-down'","logger_name":"org.hibernate.tool.schema.internal.SchemaDropperImpl$DelayedDropActionImpl","thread_name":"Thread-6","level":"INFO","level_value":20000}
{"@timestamp":"2019-04-14T23:29:25.349+02:00","@version":"1","message":"HikariPool-1 - Shutdown initiated...","logger_name":"com.zaxxer.hikari.HikariDataSource","thread_name":"Thread-6","level":"INFO","level_value":20000}
{"@timestamp":"2019-04-14T23:29:25.355+02:00","@version":"1","message":"HikariPool-1 - Shutdown completed.","logger_name":"com.zaxxer.hikari.HikariDataSource","thread_name":"Thread-6","level":"INFO","level_value":20000}
